2024-12-06 21:06:37,323 [INFO] Activator:176 - 


2024-12-06 21:06:37,331 [INFO] Activator:177 - !SESSION log4j initialized
2024-12-06 21:06:48,030 [INFO] LogOutputStream:77 - [STDOUT_REDIRECT] 
2024-12-06 21:06:56,496 [INFO] ApplicationProperties:184 - Using Application install path: C:\ST\STM32CubeIDE_1.16.1\STM32CubeIDE\plugins\com.st.stm32cube.common.mx_6.12.1.202409122256
2024-12-06 21:06:56,526 [INFO] DbMcusXml:78 - Set database path to: C:\ST\STM32CubeIDE_1.16.1\STM32CubeIDE\plugins\com.st.stm32cube.common.mx_6.12.1.202409122256\\db\/mcu/
2024-12-06 21:06:56,526 [INFO] ApiDb:274 - Set plugin database path to: C:\ST\STM32CubeIDE_1.16.1\STM32CubeIDE\plugins\com.st.stm32cube.common.mx_6.12.1.202409122256\\db\/plugins/boardmanager/
2024-12-06 21:06:56,527 [WARN] ApiDb:259 - Overriding images path with different value:  => C:\ST\STM32CubeIDE_1.16.1\STM32CubeIDE\plugins\com.st.stm32cube.common.mx_6.12.1.202409122256\\db\/plugins/mcufinder/images/
2024-12-06 21:06:56,551 [INFO] ApiDb:250 - Set database path to: C:\Users\frado\.stmcufinder\plugins\mcufinder//mcu/
2024-12-06 21:06:56,552 [INFO] DbMcusAds:125 - Set database path to: C:\Users\frado\.stmcufinder\plugins\mcufinder//mcu/
2024-12-06 21:06:56,557 [INFO] CrossReferenceDbSqlite:203 - Set database path to: C:\Users\frado\.stmcufinder\plugins\mcufinder//mcu/cs/
2024-12-06 21:06:56,748 [INFO] RulesReader:64 - Compatibility file has been processed (297 Rules)
2024-12-06 21:06:56,884 [INFO] DbMcusXml:78 - Set database path to: C:\ST\STM32CubeIDE_1.16.1\STM32CubeIDE\plugins\com.st.stm32cube.common.mx_6.12.1.202409122256\\db\/mcu/
2024-12-06 21:06:56,884 [INFO] ApiDb:274 - Set plugin database path to: C:\ST\STM32CubeIDE_1.16.1\STM32CubeIDE\plugins\com.st.stm32cube.common.mx_6.12.1.202409122256\\db\/plugins/boardmanager/
2024-12-06 21:06:56,884 [INFO] ApiDb:261 - Set plugin images path to: C:\ST\STM32CubeIDE_1.16.1\STM32CubeIDE\plugins\com.st.stm32cube.common.mx_6.12.1.202409122256\\db\/plugins/mcufinder/images/
2024-12-06 21:06:56,885 [WARN] DbFile:41 - Overriding database path with different value: C:\Users\frado\.stmcufinder\plugins\mcufinder/ => C:\Users\frado\.stmcufinder\plugins\mcufinder
2024-12-06 21:06:56,885 [INFO] ApiDb:250 - Set database path to: C:\Users\frado\.stmcufinder\plugins\mcufinder//mcu/
2024-12-06 21:06:56,885 [WARN] DbFile:41 - Overriding database path with different value: C:\Users\frado\.stmcufinder\plugins\mcufinder/ => C:\Users\frado\.stmcufinder\plugins\mcufinder
2024-12-06 21:06:56,885 [INFO] DbMcusAds:125 - Set database path to: C:\Users\frado\.stmcufinder\plugins\mcufinder//mcu/
2024-12-06 21:06:56,885 [WARN] DbFile:41 - Overriding database path with different value: C:\Users\frado\.stmcufinder\plugins\mcufinder/ => C:\Users\frado\.stmcufinder\plugins\mcufinder
2024-12-06 21:06:56,886 [WARN] DbFile:41 - Overriding database path with different value: C:\Users\frado\.stmcufinder\plugins\mcufinder/ => C:\Users\frado\.stmcufinder\plugins\mcufinder
2024-12-06 21:06:56,886 [INFO] CrossReferenceDbSqlite:203 - Set database path to: C:\Users\frado\.stmcufinder\plugins\mcufinder//mcu/cs/
2024-12-06 21:06:57,021 [INFO] MainPanel:268 - HeapMemory: 268435456
2024-12-06 21:06:57,176 [INFO] DbMcusXml:78 - Set database path to: C:\ST\STM32CubeIDE_1.16.1\STM32CubeIDE\plugins\com.st.stm32cube.common.mx_6.12.1.202409122256\\db\/mcu/
2024-12-06 21:06:57,176 [INFO] ApiDb:274 - Set plugin database path to: C:\ST\STM32CubeIDE_1.16.1\STM32CubeIDE\plugins\com.st.stm32cube.common.mx_6.12.1.202409122256\\db\/plugins/boardmanager/
2024-12-06 21:06:57,176 [INFO] ApiDb:261 - Set plugin images path to: C:\ST\STM32CubeIDE_1.16.1\STM32CubeIDE\plugins\com.st.stm32cube.common.mx_6.12.1.202409122256\\db\/plugins/mcufinder/images/
2024-12-06 21:06:57,177 [WARN] DbFile:41 - Overriding database path with different value: C:\Users\frado\.stmcufinder\plugins\mcufinder/ => C:\Users\frado\.stmcufinder\plugins\mcufinder
2024-12-06 21:06:57,177 [INFO] ApiDb:250 - Set database path to: C:\Users\frado\.stmcufinder\plugins\mcufinder//mcu/
2024-12-06 21:06:57,177 [WARN] DbFile:41 - Overriding database path with different value: C:\Users\frado\.stmcufinder\plugins\mcufinder/ => C:\Users\frado\.stmcufinder\plugins\mcufinder
2024-12-06 21:06:57,177 [INFO] DbMcusAds:125 - Set database path to: C:\Users\frado\.stmcufinder\plugins\mcufinder//mcu/
2024-12-06 21:06:57,177 [WARN] DbFile:41 - Overriding database path with different value: C:\Users\frado\.stmcufinder\plugins\mcufinder/ => C:\Users\frado\.stmcufinder\plugins\mcufinder
2024-12-06 21:06:57,178 [WARN] DbFile:41 - Overriding database path with different value: C:\Users\frado\.stmcufinder\plugins\mcufinder/ => C:\Users\frado\.stmcufinder\plugins\mcufinder
2024-12-06 21:06:57,178 [INFO] CrossReferenceDbSqlite:203 - Set database path to: C:\Users\frado\.stmcufinder\plugins\mcufinder//mcu/cs/
2024-12-06 21:06:57,204 [INFO] ApplicationProperties:184 - Using Application install path: C:\ST\STM32CubeIDE_1.16.1\STM32CubeIDE\plugins\com.st.stm32cube.common.mx_6.12.1.202409122256
2024-12-06 21:06:57,206 [INFO] PluginManage:196 - Search for loadable plugins [exclusion list=, ]
2024-12-06 21:06:57,209 [INFO] PluginManage:310 - Check plugin analytics
2024-12-06 21:06:57,509 [INFO] AnalyticsPlugin:253 - Accepted Software Licenses: STM32CubeMX.6.12.1
2024-12-06 21:06:57,510 [INFO] AnalyticsPlugin:255 - Accepted CMSIS Pack Licenses: 
2024-12-06 21:06:57,510 [INFO] AnalyticsPlugin:257 - Accepted Firmware Licenses: FW.F4.1.28.0,FW.L4.1.18.0,FW.H7.1.11.0
2024-12-06 21:06:57,514 [INFO] PluginManage:359 - Loaded plugin analytics (category:tool,tabindex:-1)
2024-12-06 21:06:57,515 [INFO] PluginManage:310 - Check plugin cadmodel
2024-12-06 21:06:57,542 [INFO] CADModel:105 - Init CAD model plugin
2024-12-06 21:06:57,543 [INFO] PluginManage:359 - Loaded plugin cadmodel (category:power,tabindex:5)
2024-12-06 21:06:57,543 [INFO] PluginManage:310 - Check plugin clock
2024-12-06 21:06:57,573 [INFO] PluginManage:359 - Loaded plugin clock (category:base,tabindex:2)
2024-12-06 21:06:57,573 [INFO] PluginManage:310 - Check plugin ddr
2024-12-06 21:06:57,576 [INFO] PluginManage:359 - Loaded plugin ddr (category:tool,tabindex:6)
2024-12-06 21:06:57,577 [INFO] PluginManage:310 - Check plugin filemanager
2024-12-06 21:06:57,791 [INFO] PluginManage:359 - Loaded plugin filemanager (category:base,tabindex:10)
2024-12-06 21:06:57,792 [INFO] PluginManage:310 - Check plugin ipmanager
2024-12-06 21:06:57,803 [INFO] PluginManage:359 - Loaded plugin ipmanager (category:base,tabindex:5)
2024-12-06 21:06:57,803 [INFO] PluginManage:310 - Check plugin lpbam
2024-12-06 21:06:57,834 [INFO] PluginManage:359 - Loaded plugin lpbam (category:base,tabindex:0)
2024-12-06 21:06:57,835 [INFO] PluginManage:310 - Check plugin memorymap
2024-12-06 21:06:57,879 [INFO] PluginManage:359 - Loaded plugin memorymap (category:base,tabindex:4)
2024-12-06 21:06:57,879 [INFO] PluginManage:310 - Check plugin pinoutandconfiguration
2024-12-06 21:06:57,917 [INFO] PluginManage:359 - Loaded plugin pinoutandconfiguration (category:base,tabindex:1)
2024-12-06 21:06:57,918 [INFO] PluginManage:310 - Check plugin pinoutconfig
2024-12-06 21:06:58,074 [WARN] SupportedApi:132 - Cannot load RTOS API schema: s4s-elt-must-match.1: The content of 'definitions' must match (annotation?, (simpleType | complexType)?, (unique | key | keyref)*)). A problem was found starting at: attribute.
2024-12-06 21:06:58,288 [INFO] PluginManage:359 - Loaded plugin pinoutconfig (category:base,tabindex:0)
2024-12-06 21:06:58,288 [INFO] PluginManage:310 - Check plugin power
2024-12-06 21:06:58,321 [INFO] PluginManage:359 - Loaded plugin power (category:power,tabindex:4)
2024-12-06 21:06:58,322 [INFO] PluginManage:310 - Check plugin projectmanager
2024-12-06 21:06:58,349 [INFO] PluginManage:359 - Loaded plugin projectmanager (category:projectmanager,tabindex:4)
2024-12-06 21:06:58,350 [INFO] PluginManage:310 - Check plugin rif
2024-12-06 21:06:58,378 [INFO] PluginManage:359 - Loaded plugin rif (category:base,tabindex:3)
2024-12-06 21:06:58,378 [INFO] PluginManage:310 - Check plugin thirdparty
2024-12-06 21:06:58,862 [INFO] PluginManage:359 - Loaded plugin thirdparty (category:base,tabindex:-1)
2024-12-06 21:06:58,862 [WARN] IntegrityCheckThread:84 - waiting for thirdparty lock release [integrity check]
2024-12-06 21:06:58,862 [INFO] IntegrityCheckThread:86 - entering critical section [integrity check]
2024-12-06 21:06:58,862 [INFO] PluginManage:310 - Check plugin tools
2024-12-06 21:06:58,863 [INFO] ThirdPartyUpdaterWithRetryManager:70 - Updater plugin not ready yet. [1/15]
2024-12-06 21:06:58,930 [INFO] PluginManage:359 - Loaded plugin tools (category:base,tabindex:7)
2024-12-06 21:06:58,931 [INFO] PluginManage:310 - Check plugin tutovideos
2024-12-06 21:06:59,292 [INFO] PluginManage:359 - Loaded plugin tutovideos (category:base,tabindex:-1)
2024-12-06 21:06:59,292 [INFO] PluginManage:310 - Check plugin updater
2024-12-06 21:06:59,319 [INFO] PluginManage:359 - Loaded plugin updater (category:base,tabindex:12)
2024-12-06 21:06:59,319 [INFO] PluginManage:310 - Check plugin userauth
2024-12-06 21:06:59,326 [INFO] UserAuth:113 - Init User Auth plugin
2024-12-06 21:06:59,326 [INFO] PluginManage:359 - Loaded plugin userauth (category:base,tabindex:14)
2024-12-06 21:06:59,327 [INFO] PluginManage:283 - PluginManage : Loaded plugins [18]
2024-12-06 21:06:59,638 [INFO] PinOutPanel:1561 - setPackage(No Configuration,No Configuration)
2024-12-06 21:06:59,771 [INFO] CADModel:165 - CPN selected for project level
2024-12-06 21:06:59,772 [INFO] CADModel:114 - Register for checkConnection events
2024-12-06 21:06:59,809 [INFO] IPUIPlugin:80 - create IPUIPlugin
2024-12-06 21:06:59,810 [INFO] PluginManager:220 - loadIPPluginJar : add adc
2024-12-06 21:06:59,877 [INFO] IPUIPlugin:80 - create IPUIPlugin
2024-12-06 21:06:59,878 [INFO] PluginManager:220 - loadIPPluginJar : add aes
2024-12-06 21:06:59,956 [INFO] IPUIPlugin:80 - create IPUIPlugin
2024-12-06 21:06:59,957 [INFO] PluginManager:220 - loadIPPluginJar : add can
2024-12-06 21:07:00,001 [INFO] IPUIPlugin:80 - create IPUIPlugin
2024-12-06 21:07:00,002 [INFO] PluginManager:220 - loadIPPluginJar : add comp
2024-12-06 21:07:00,079 [INFO] IPUIPlugin:80 - create IPUIPlugin
2024-12-06 21:07:00,079 [INFO] PluginManager:220 - loadIPPluginJar : add cryp
2024-12-06 21:07:00,114 [INFO] IPUIPlugin:80 - create IPUIPlugin
2024-12-06 21:07:00,115 [INFO] PluginManager:220 - loadIPPluginJar : add ddr_ctrl_phy
2024-12-06 21:07:00,171 [INFO] IPUIPlugin:80 - create IPUIPlugin
2024-12-06 21:07:00,171 [INFO] PluginManager:220 - loadIPPluginJar : add dfsdm
2024-12-06 21:07:00,195 [INFO] IPUIPlugin:80 - create IPUIPlugin
2024-12-06 21:07:00,196 [INFO] PluginManager:220 - loadIPPluginJar : add dma
2024-12-06 21:07:00,274 [INFO] IPUIPlugin:80 - create IPUIPlugin
2024-12-06 21:07:00,274 [INFO] PluginManager:220 - loadIPPluginJar : add dma3
2024-12-06 21:07:00,361 [INFO] IPUIPlugin:80 - create IPUIPlugin
2024-12-06 21:07:00,361 [INFO] PluginManager:220 - loadIPPluginJar : add extmemmanager
2024-12-06 21:07:00,404 [INFO] IPUIPlugin:80 - create IPUIPlugin
2024-12-06 21:07:00,405 [INFO] PluginManager:220 - loadIPPluginJar : add fatfs
2024-12-06 21:07:00,514 [INFO] IPUIPlugin:80 - create IPUIPlugin
2024-12-06 21:07:00,515 [INFO] PluginManager:220 - loadIPPluginJar : add fmc
2024-12-06 21:07:00,556 [INFO] IPUIPlugin:80 - create IPUIPlugin
2024-12-06 21:07:00,556 [INFO] PluginManager:220 - loadIPPluginJar : add freertos
2024-12-06 21:07:00,596 [INFO] IPUIPlugin:80 - create IPUIPlugin
2024-12-06 21:07:00,596 [INFO] PluginManager:220 - loadIPPluginJar : add genericplugin
2024-12-06 21:07:00,768 [INFO] IPUIPlugin:80 - create IPUIPlugin
2024-12-06 21:07:00,768 [INFO] PluginManager:220 - loadIPPluginJar : add gfxmmu
2024-12-06 21:07:01,019 [INFO] IPUIPlugin:80 - create IPUIPlugin
2024-12-06 21:07:01,019 [INFO] PluginManager:220 - loadIPPluginJar : add gic
2024-12-06 21:07:01,043 [INFO] IPUIPlugin:80 - create IPUIPlugin
2024-12-06 21:07:01,044 [INFO] PluginManager:220 - loadIPPluginJar : add gpio
2024-12-06 21:07:01,243 [INFO] IPUIPlugin:80 - create IPUIPlugin
2024-12-06 21:07:01,243 [INFO] PluginManager:220 - loadIPPluginJar : add gtzc
2024-12-06 21:07:01,305 [INFO] IPUIPlugin:80 - create IPUIPlugin
2024-12-06 21:07:01,306 [INFO] PluginManager:220 - loadIPPluginJar : add hash
2024-12-06 21:07:01,409 [INFO] IPUIPlugin:80 - create IPUIPlugin
2024-12-06 21:07:01,409 [INFO] PluginManager:220 - loadIPPluginJar : add i2c
2024-12-06 21:07:01,490 [INFO] IPUIPlugin:80 - create IPUIPlugin
2024-12-06 21:07:01,490 [INFO] PluginManager:220 - loadIPPluginJar : add i2s
2024-12-06 21:07:01,574 [INFO] IPUIPlugin:80 - create IPUIPlugin
2024-12-06 21:07:01,574 [INFO] PluginManager:220 - loadIPPluginJar : add i3c
2024-12-06 21:07:01,797 [INFO] IPUIPlugin:80 - create IPUIPlugin
2024-12-06 21:07:01,797 [INFO] PluginManager:220 - loadIPPluginJar : add ipddr
2024-12-06 21:07:01,863 [INFO] ThirdPartyUpdaterWithRetryManager:70 - Updater plugin not ready yet. [2/15]
2024-12-06 21:07:01,984 [INFO] IPUIPlugin:80 - create IPUIPlugin
2024-12-06 21:07:01,985 [INFO] PluginManager:220 - loadIPPluginJar : add linkedlist
2024-12-06 21:07:02,051 [INFO] IPUIPlugin:80 - create IPUIPlugin
2024-12-06 21:07:02,051 [INFO] PluginManager:220 - loadIPPluginJar : add lorawan
2024-12-06 21:07:02,129 [INFO] IPUIPlugin:80 - create IPUIPlugin
2024-12-06 21:07:02,129 [INFO] PluginManager:220 - loadIPPluginJar : add ltdc
2024-12-06 21:07:02,155 [INFO] IPUIPlugin:80 - create IPUIPlugin
2024-12-06 21:07:02,155 [INFO] PluginManager:220 - loadIPPluginJar : add mdma
2024-12-06 21:07:02,181 [INFO] IPUIPlugin:80 - create IPUIPlugin
2024-12-06 21:07:02,181 [INFO] PluginManager:220 - loadIPPluginJar : add nvic
2024-12-06 21:07:02,268 [INFO] IPUIPlugin:80 - create IPUIPlugin
2024-12-06 21:07:02,269 [INFO] PluginManager:220 - loadIPPluginJar : add opamp
2024-12-06 21:07:02,386 [INFO] IPUIPlugin:80 - create IPUIPlugin
2024-12-06 21:07:02,386 [INFO] PluginManager:220 - loadIPPluginJar : add openamp
2024-12-06 21:07:02,461 [INFO] IPUIPlugin:80 - create IPUIPlugin
2024-12-06 21:07:02,461 [INFO] PluginManager:220 - loadIPPluginJar : add pdm2pcm
2024-12-06 21:07:02,489 [INFO] IPUIPlugin:80 - create IPUIPlugin
2024-12-06 21:07:02,492 [INFO] PluginManager:220 - loadIPPluginJar : add plateformsettings
2024-12-06 21:07:02,538 [INFO] IPUIPlugin:80 - create IPUIPlugin
2024-12-06 21:07:02,538 [INFO] PluginManager:220 - loadIPPluginJar : add quadspi
2024-12-06 21:07:02,588 [INFO] IPUIPlugin:80 - create IPUIPlugin
2024-12-06 21:07:02,588 [INFO] PluginManager:220 - loadIPPluginJar : add radio
2024-12-06 21:07:02,611 [INFO] IPUIPlugin:80 - create IPUIPlugin
2024-12-06 21:07:02,611 [INFO] PluginManager:220 - loadIPPluginJar : add resmgrutility
2024-12-06 21:07:02,701 [INFO] IPUIPlugin:80 - create IPUIPlugin
2024-12-06 21:07:02,701 [INFO] PluginManager:220 - loadIPPluginJar : add sai
2024-12-06 21:07:02,769 [INFO] IPUIPlugin:80 - create IPUIPlugin
2024-12-06 21:07:02,769 [INFO] PluginManager:220 - loadIPPluginJar : add spi
2024-12-06 21:07:02,907 [INFO] IPUIPlugin:80 - create IPUIPlugin
2024-12-06 21:07:02,908 [INFO] PluginManager:220 - loadIPPluginJar : add stm32_wpan
2024-12-06 21:07:02,958 [INFO] IPUIPlugin:80 - create IPUIPlugin
2024-12-06 21:07:02,958 [INFO] PluginManager:220 - loadIPPluginJar : add tim
2024-12-06 21:07:03,079 [INFO] IPUIPlugin:80 - create IPUIPlugin
2024-12-06 21:07:03,079 [INFO] PluginManager:220 - loadIPPluginJar : add touchsensing
2024-12-06 21:07:03,121 [INFO] IPUIPlugin:80 - create IPUIPlugin
2024-12-06 21:07:03,121 [INFO] PluginManager:220 - loadIPPluginJar : add tracer_emb
2024-12-06 21:07:03,173 [INFO] IPUIPlugin:80 - create IPUIPlugin
2024-12-06 21:07:03,173 [INFO] PluginManager:220 - loadIPPluginJar : add ts
2024-12-06 21:07:03,219 [INFO] IPUIPlugin:80 - create IPUIPlugin
2024-12-06 21:07:03,219 [INFO] PluginManager:220 - loadIPPluginJar : add tsc
2024-12-06 21:07:03,259 [INFO] IPUIPlugin:80 - create IPUIPlugin
2024-12-06 21:07:03,260 [INFO] PluginManager:220 - loadIPPluginJar : add ucpd
2024-12-06 21:07:03,352 [INFO] IPUIPlugin:80 - create IPUIPlugin
2024-12-06 21:07:03,352 [INFO] PluginManager:220 - loadIPPluginJar : add usart
2024-12-06 21:07:03,430 [INFO] IPUIPlugin:80 - create IPUIPlugin
2024-12-06 21:07:03,430 [INFO] PluginManager:220 - loadIPPluginJar : add usbx
2024-12-06 21:07:03,605 [INFO] CADModel:165 - CPN selected for project level
2024-12-06 21:07:03,606 [INFO] CADModel:114 - Register for checkConnection events
2024-12-06 21:07:03,606 [FATAL] Updater:334 - Updater called before beeing initialized
2024-12-06 21:07:03,606 [ERROR] CADModel:125 - Updater not yet initialized, retry later 
2024-12-06 21:07:03,832 [INFO] CADModel:165 - CPN selected for project level
2024-12-06 21:07:03,832 [INFO] CADModel:114 - Register for checkConnection events
2024-12-06 21:07:03,832 [FATAL] Updater:334 - Updater called before beeing initialized
2024-12-06 21:07:03,832 [ERROR] CADModel:125 - Updater not yet initialized, retry later 
2024-12-06 21:07:03,836 [FATAL] Updater:334 - Updater called before beeing initialized
2024-12-06 21:07:03,994 [FATAL] Updater:334 - Updater called before beeing initialized
2024-12-06 21:07:04,012 [INFO] DbMcusAds:53 - JSON generation date=Fri Sep 20 15:04:23 CEST 2024 (1726837463113)
2024-12-06 21:07:04,012 [FATAL] Updater:334 - Updater called before beeing initialized
2024-12-06 21:07:04,068 [WARN] DetailPanel:346 - Failed to get advertising image, set to default
2024-12-06 21:07:04,223 [FATAL] Updater:334 - Updater called before beeing initialized
2024-12-06 21:07:04,226 [FATAL] Updater:334 - Updater called before beeing initialized
2024-12-06 21:07:04,226 [FATAL] Updater:334 - Updater called before beeing initialized
2024-12-06 21:07:04,226 [WARN] DetailPanel:346 - Failed to get advertising image, set to default
2024-12-06 21:07:04,227 [FATAL] Updater:334 - Updater called before beeing initialized
2024-12-06 21:07:04,333 [ERROR] Updater:1164 - MainUpdater not yet initialized. External WinMGr cannot be set.
2024-12-06 21:07:04,355 [INFO] Updater:1100 - Updater Version found : 6.12.1
2024-12-06 21:07:04,379 [INFO] ApplicationProperties:184 - Using Application install path: C:\ST\STM32CubeIDE_1.16.1\STM32CubeIDE\plugins\com.st.stm32cube.common.mx_6.12.1.202409122256
2024-12-06 21:07:04,865 [INFO] ThirdPartyUpdaterWithRetryManager:70 - Updater plugin not ready yet. [3/15]
2024-12-06 21:07:05,970 [ERROR] LogOutputStream:75 - [STDERR_REDIRECT] Dec 06, 2024 9:07:05 PM java.util.prefs.WindowsPreferences <init>
2024-12-06 21:07:05,973 [ERROR] LogOutputStream:75 - [STDERR_REDIRECT] WARNING: Could not open/create prefs root node Software\JavaSoft\Prefs at root 0xffffffff80000002. Windows RegCreateKeyEx(...) returned error code 5.
2024-12-06 21:07:05,973 [ERROR] LogOutputStream:75 - [STDERR_REDIRECT] 
2024-12-06 21:07:06,786 [INFO] MainUpdater:2873 - connection check result : 10
2024-12-06 21:07:06,787 [INFO] MainUpdater:290 - Updater Check For Update Now.
2024-12-06 21:07:06,787 [INFO] MicroXplorer:498 - Change Database Version : DB.6.0.121
2024-12-06 21:07:06,819 [INFO] McuFinderGlobals:63 - Set McuFinder mode to 2 (CubeIDE integrated)
2024-12-06 21:07:06,834 [INFO] UserAuth:417 - Internet connection configuration mode: 1
2024-12-06 21:07:06,882 [INFO] JxBrowserEngine:152 - Initiate JxBrowser Engine with user profile folder
2024-12-06 21:07:07,187 [INFO] CheckServerUpdateThread:120 - End of CheckServer Thread
2024-12-06 21:07:08,257 [WARN] PackLoader:240 - Cannot read IP mode file for STMicroelectronics.FP-SNS-MOTENVWB1.1.4.0
2024-12-06 21:07:08,282 [WARN] PackLoader:240 - Cannot read IP mode file for STMicroelectronics.FP-ATR-ASTRA1.2.0.1
2024-12-06 21:07:08,307 [WARN] PackLoader:240 - Cannot read IP mode file for STMicroelectronics.X-CUBE-SMBUS.2.1.0
2024-12-06 21:07:08,336 [WARN] PackLoader:240 - Cannot read IP mode file for STMicroelectronics.X-CUBE-WB05N.1.1.0
2024-12-06 21:07:08,405 [WARN] PackLoader:240 - Cannot read IP mode file for STMicroelectronics.X-CUBE-AZRTOS-F7.1.1.0
2024-12-06 21:07:08,556 [WARN] PackLoader:240 - Cannot read IP mode file for STMicroelectronics.X-CUBE-MEMS1.11.0.0
2024-12-06 21:07:08,876 [WARN] PackLoader:240 - Cannot read IP mode file for STMicroelectronics.FP-SNS-FLIGHT1.5.0.2
2024-12-06 21:07:08,904 [WARN] PackLoader:240 - Cannot read IP mode file for STMicroelectronics.X-CUBE-DISPLAY.3.0.0
2024-12-06 21:07:08,940 [WARN] PackLoader:240 - Cannot read IP mode file for STMicroelectronics.X-CUBE-BLE1.7.0.0
2024-12-06 21:07:08,970 [WARN] PackLoader:240 - Cannot read IP mode file for STMicroelectronics.X-CUBE-NFC10.1.0.0
2024-12-06 21:07:08,999 [WARN] PackLoader:240 - Cannot read IP mode file for emotas.I-CUBE-CANOPEN.1.3.0
2024-12-06 21:07:09,032 [WARN] PackLoader:240 - Cannot read IP mode file for STMicroelectronics.X-CUBE-BLEMGR.3.1.0
2024-12-06 21:07:09,060 [WARN] PackLoader:240 - Cannot read IP mode file for STMicroelectronics.FP-SNS-SMARTAG2.1.2.0
2024-12-06 21:07:09,093 [INFO] LogOutputStream:77 - [STDOUT_REDIRECT] 1 : Invalid condition id : UX_CORESTACK_Condition cause : null
2024-12-06 21:07:09,093 [INFO] LogOutputStream:77 - [STDOUT_REDIRECT] 1 : Invalid condition id : UX_CORESTACK_Condition cause : null
2024-12-06 21:07:09,096 [INFO] LogOutputStream:77 - [STDOUT_REDIRECT] 1 : Invalid condition id : UX_CORESTACK_Condition cause : null
2024-12-06 21:07:09,097 [INFO] LogOutputStream:77 - [STDOUT_REDIRECT] 1 : Invalid condition id : UX_CORESTACK_Condition cause : null
2024-12-06 21:07:09,099 [INFO] LogOutputStream:77 - [STDOUT_REDIRECT] 1 : Invalid condition id : UX_CORESTACK_Condition cause : null
2024-12-06 21:07:09,106 [WARN] PackLoader:240 - Cannot read IP mode file for STMicroelectronics.X-CUBE-AZRTOS-WL.2.0.0
2024-12-06 21:07:09,138 [WARN] PackLoader:240 - Cannot read IP mode file for STMicroelectronics.FP-SNS-MOTENV1.5.0.0
2024-12-06 21:07:09,162 [WARN] PackLoader:240 - Cannot read IP mode file for wolfSSL.I-CUBE-wolfMQTT.1.19.0
2024-12-06 21:07:09,189 [WARN] PackLoader:240 - Cannot read IP mode file for WES.I-CUBE-Cesium.1.3.0
2024-12-06 21:07:09,219 [WARN] PackLoader:240 - Cannot read IP mode file for STMicroelectronics.X-CUBE-BLE2.3.3.0
2024-12-06 21:07:09,248 [WARN] PackLoader:240 - Cannot read IP mode file for STMicroelectronics.X-CUBE-NFC9.1.0.0
2024-12-06 21:07:09,275 [WARN] PackLoader:240 - Cannot read IP mode file for STMicroelectronics.X-CUBE-TCPP.4.1.0
2024-12-06 21:07:09,327 [WARN] PackLoader:240 - Cannot read IP mode file for STMicroelectronics.X-CUBE-AZRTOS-G0.1.1.0
2024-12-06 21:07:09,363 [WARN] PackLoader:240 - Cannot read IP mode file for STMicroelectronics.X-CUBE-SAFEA1.1.2.2
2024-12-06 21:07:09,396 [WARN] PackLoader:240 - Cannot read IP mode file for STMicroelectronics.X-CUBE-NFC4.3.0.0
2024-12-06 21:07:09,430 [WARN] PackLoader:240 - Cannot read IP mode file for EmbeddedOffice.I-CUBE-FS-RTOS.1.0.1
2024-12-06 21:07:09,430 [ERROR] ConditionMgr:805 - Attr not supported : Dmpu
2024-12-06 21:07:09,430 [ERROR] ConditionMgr:805 - Attr not supported : Dmpu
2024-12-06 21:07:09,430 [ERROR] ConditionMgr:805 - Attr not supported : Dmpu
2024-12-06 21:07:09,431 [ERROR] ConditionMgr:805 - Attr not supported : Dmpu
2024-12-06 21:07:09,431 [ERROR] ConditionMgr:805 - Attr not supported : Dmpu
2024-12-06 21:07:09,431 [ERROR] ConditionMgr:805 - Attr not supported : Dmpu
2024-12-06 21:07:09,431 [ERROR] ConditionMgr:805 - Attr not supported : Dmpu
2024-12-06 21:07:09,431 [ERROR] ConditionMgr:805 - Attr not supported : Dmpu
2024-12-06 21:07:09,431 [ERROR] ConditionMgr:805 - Attr not supported : Dmpu
2024-12-06 21:07:09,431 [ERROR] ConditionMgr:805 - Attr not supported : Dmpu
2024-12-06 21:07:09,431 [ERROR] ConditionMgr:805 - Attr not supported : Dmpu
2024-12-06 21:07:09,432 [ERROR] ConditionMgr:805 - Attr not supported : Dmpu
2024-12-06 21:07:09,432 [ERROR] ConditionMgr:805 - Attr not supported : Dmpu
2024-12-06 21:07:09,432 [ERROR] ConditionMgr:805 - Attr not supported : Dmpu
2024-12-06 21:07:09,432 [ERROR] ConditionMgr:805 - Attr not supported : Dmpu
2024-12-06 21:07:09,432 [ERROR] ConditionMgr:805 - Attr not supported : Dmpu
2024-12-06 21:07:09,432 [ERROR] ConditionMgr:805 - Attr not supported : Dmpu
2024-12-06 21:07:09,432 [ERROR] ConditionMgr:805 - Attr not supported : Dmpu
2024-12-06 21:07:09,432 [ERROR] ConditionMgr:805 - Attr not supported : Dmpu
2024-12-06 21:07:09,433 [ERROR] ConditionMgr:805 - Attr not supported : Dmpu
2024-12-06 21:07:09,433 [ERROR] ConditionMgr:805 - Attr not supported : Dmpu
2024-12-06 21:07:09,433 [ERROR] ConditionMgr:805 - Attr not supported : Dmpu
2024-12-06 21:07:09,433 [ERROR] ConditionMgr:805 - Attr not supported : Dmpu
2024-12-06 21:07:09,433 [ERROR] ConditionMgr:805 - Attr not supported : Dmpu
2024-12-06 21:07:09,433 [ERROR] ConditionMgr:805 - Attr not supported : Dmpu
2024-12-06 21:07:09,433 [ERROR] ConditionMgr:805 - Attr not supported : Dmpu
2024-12-06 21:07:09,434 [ERROR] ConditionMgr:805 - Attr not supported : Dmpu
2024-12-06 21:07:09,434 [ERROR] ConditionMgr:805 - Attr not supported : Dmpu
2024-12-06 21:07:09,434 [ERROR] ConditionMgr:805 - Attr not supported : Dmpu
2024-12-06 21:07:09,434 [ERROR] ConditionMgr:805 - Attr not supported : Dmpu
2024-12-06 21:07:09,434 [ERROR] ConditionMgr:805 - Attr not supported : Dmpu
2024-12-06 21:07:09,434 [ERROR] ConditionMgr:805 - Attr not supported : Dmpu
2024-12-06 21:07:09,435 [ERROR] ConditionMgr:805 - Attr not supported : Dmpu
2024-12-06 21:07:09,435 [ERROR] ConditionMgr:805 - Attr not supported : Dmpu
2024-12-06 21:07:09,435 [ERROR] ConditionMgr:805 - Attr not supported : Dmpu
2024-12-06 21:07:09,435 [ERROR] ConditionMgr:805 - Attr not supported : Dmpu
2024-12-06 21:07:09,435 [ERROR] ConditionMgr:805 - Attr not supported : Dmpu
2024-12-06 21:07:09,435 [ERROR] ConditionMgr:805 - Attr not supported : Dmpu
2024-12-06 21:07:09,435 [ERROR] ConditionMgr:805 - Attr not supported : Dmpu
2024-12-06 21:07:09,435 [ERROR] ConditionMgr:805 - Attr not supported : Dmpu
2024-12-06 21:07:09,436 [ERROR] ConditionMgr:805 - Attr not supported : Dmpu
2024-12-06 21:07:09,436 [ERROR] ConditionMgr:805 - Attr not supported : Dmpu
2024-12-06 21:07:09,436 [ERROR] ConditionMgr:805 - Attr not supported : Dmpu
2024-12-06 21:07:09,436 [ERROR] ConditionMgr:805 - Attr not supported : Dmpu
2024-12-06 21:07:09,436 [ERROR] ConditionMgr:805 - Attr not supported : Dmpu
2024-12-06 21:07:09,436 [ERROR] ConditionMgr:805 - Attr not supported : Dmpu
2024-12-06 21:07:09,436 [ERROR] ConditionMgr:805 - Attr not supported : Dmpu
2024-12-06 21:07:09,436 [ERROR] ConditionMgr:805 - Attr not supported : Dmpu
2024-12-06 21:07:09,436 [ERROR] ConditionMgr:805 - Attr not supported : Dmpu
2024-12-06 21:07:09,436 [ERROR] ConditionMgr:805 - Attr not supported : Dmpu
2024-12-06 21:07:09,437 [ERROR] ConditionMgr:805 - Attr not supported : Dmpu
2024-12-06 21:07:09,437 [ERROR] ConditionMgr:805 - Attr not supported : Dmpu
2024-12-06 21:07:09,437 [ERROR] ConditionMgr:805 - Attr not supported : Dmpu
2024-12-06 21:07:09,437 [ERROR] ConditionMgr:805 - Attr not supported : Dmpu
2024-12-06 21:07:09,437 [ERROR] ConditionMgr:805 - Attr not supported : Dmpu
2024-12-06 21:07:09,437 [ERROR] ConditionMgr:805 - Attr not supported : Dmpu
2024-12-06 21:07:09,437 [ERROR] ConditionMgr:805 - Attr not supported : Dmpu
2024-12-06 21:07:09,437 [ERROR] ConditionMgr:805 - Attr not supported : Dmpu
2024-12-06 21:07:09,437 [ERROR] ConditionMgr:805 - Attr not supported : Dmpu
2024-12-06 21:07:09,437 [ERROR] ConditionMgr:805 - Attr not supported : Dmpu
2024-12-06 21:07:09,437 [ERROR] ConditionMgr:805 - Attr not supported : Dmpu
2024-12-06 21:07:09,437 [ERROR] ConditionMgr:805 - Attr not supported : Dmpu
2024-12-06 21:07:09,438 [ERROR] ConditionMgr:805 - Attr not supported : Dmpu
2024-12-06 21:07:09,438 [ERROR] ConditionMgr:805 - Attr not supported : Dmpu
2024-12-06 21:07:09,460 [WARN] PackLoader:240 - Cannot read IP mode file for RealThread.X-CUBE-RT-Thread_Nano.4.1.1
2024-12-06 21:07:09,480 [WARN] PackLoader:240 - Cannot read IP mode file for STMicroelectronics.FP-ATR-SIGFOX1.3.2.0
2024-12-06 21:07:09,501 [WARN] ConditionMgr:438 - getConditionDescription Invalid condition id : Cortex-A Device cause : null
2024-12-06 21:07:09,535 [WARN] ConditionMgr:1039 - genDependencies : Invalid condition id : Cortex-A Device cause : null
2024-12-06 21:07:09,536 [WARN] ConditionMgr:1039 - genDependencies : Invalid condition id : Cortex-A Device cause : null
2024-12-06 21:07:09,536 [WARN] ConditionMgr:1039 - genDependencies : Invalid condition id : Cortex-A Device cause : null
2024-12-06 21:07:09,560 [WARN] PackLoader:240 - Cannot read IP mode file for STMicroelectronics.X-CUBE-EEPRMA1.5.1.0
2024-12-06 21:07:09,582 [WARN] PackLoader:240 - Cannot read IP mode file for wolfSSL.I-CUBE-wolfSSL.5.7.4
2024-12-06 21:07:09,608 [WARN] PackLoader:240 - Cannot read IP mode file for ITTIA_DB.I-CUBE-ITTIADB.8.9.0
2024-12-06 21:07:09,678 [WARN] PackLoader:240 - Cannot read IP mode file for SEGGER.I-CUBE-embOS.1.3.1
2024-12-06 21:07:09,776 [WARN] PackLoader:240 - Cannot read IP mode file for STMicroelectronics.X-CUBE-ALGOBUILD.1.4.0
2024-12-06 21:07:09,806 [WARN] PackLoader:240 - Cannot read IP mode file for STMicroelectronics.X-CUBE-AI.9.1.0
2024-12-06 21:07:09,858 [WARN] PackLoader:240 - Cannot read IP mode file for STMicroelectronics.X-CUBE-AZRTOS-F4.1.1.0
2024-12-06 21:07:09,888 [WARN] PackLoader:240 - Cannot read IP mode file for STMicroelectronics.X-CUBE-ISPU.2.1.0
2024-12-06 21:07:09,914 [WARN] PackLoader:240 - Cannot read IP mode file for STMicroelectronics.X-CUBE-FREERTOS.1.2.0
2024-12-06 21:07:09,968 [WARN] PackLoader:240 - Cannot read IP mode file for STMicroelectronics.X-CUBE-AZRTOS-L5.2.0.0
2024-12-06 21:07:10,005 [WARN] PackLoader:240 - Cannot read IP mode file for STMicroelectronics.X-CUBE-NFC6.3.1.0
2024-12-06 21:07:10,037 [WARN] PackLoader:240 - Cannot read IP mode file for STMicroelectronics.X-CUBE-DPower.1.2.0
2024-12-06 21:07:10,069 [WARN] PackLoader:240 - Cannot read IP mode file for STMicroelectronics.X-CUBE-NFC7.1.0.1
2024-12-06 21:07:10,128 [WARN] ConditionMgr:438 - getConditionDescription Invalid condition id : LAN8742 Phy interface Condition cause : null
2024-12-06 21:07:10,129 [WARN] PackLoader:240 - Cannot read IP mode file for STMicroelectronics.X-CUBE-AZRTOS-L4.2.0.0
2024-12-06 21:07:10,131 [WARN] ConditionMgr:1039 - genDependencies : Invalid condition id : LAN8742 Phy interface Condition cause : null
2024-12-06 21:07:10,131 [WARN] ConditionMgr:1039 - genDependencies : Invalid condition id : LAN8742 Phy interface Condition cause : null
2024-12-06 21:07:10,132 [WARN] ConditionMgr:1039 - genDependencies : Invalid condition id : LAN8742 Phy interface Condition cause : null
2024-12-06 21:07:10,165 [WARN] PackLoader:240 - Cannot read IP mode file for STMicroelectronics.X-CUBE-SFXS2LP1.4.0.0
2024-12-06 21:07:10,228 [WARN] PackLoader:240 - Cannot read IP mode file for STMicroelectronics.X-CUBE-AZRTOS-H7.3.3.0
2024-12-06 21:07:10,261 [WARN] PackLoader:240 - Cannot read IP mode file for STMicroelectronics.X-CUBE-IPS.3.0.0
2024-12-06 21:07:10,305 [WARN] ConditionMgr:438 - getConditionDescription Invalid condition id : UX DEVICE CLASS RTOS Condition cause : null
2024-12-06 21:07:10,305 [WARN] ConditionMgr:438 - getConditionDescription Invalid condition id : UX DEVICE CLASS RTOS Condition cause : null
2024-12-06 21:07:10,309 [WARN] PackLoader:240 - Cannot read IP mode file for STMicroelectronics.X-CUBE-AZRTOS-WB.2.0.0
2024-12-06 21:07:10,310 [WARN] ConditionMgr:1039 - genDependencies : Invalid condition id : UX DEVICE CLASS RTOS Condition cause : null
2024-12-06 21:07:10,310 [WARN] ConditionMgr:1039 - genDependencies : Invalid condition id : UX DEVICE CLASS RTOS Condition cause : null
2024-12-06 21:07:10,311 [WARN] ConditionMgr:1039 - genDependencies : Invalid condition id : UX DEVICE CLASS RTOS Condition cause : null
2024-12-06 21:07:10,311 [WARN] ConditionMgr:1039 - genDependencies : Invalid condition id : UX DEVICE CLASS RTOS Condition cause : null
2024-12-06 21:07:10,311 [WARN] ConditionMgr:1039 - genDependencies : Invalid condition id : UX DEVICE CLASS RTOS Condition cause : null
2024-12-06 21:07:10,341 [WARN] PackLoader:240 - Cannot read IP mode file for STMicroelectronics.X-CUBE-GNSS1.7.0.0
2024-12-06 21:07:10,367 [WARN] PackLoader:240 - Cannot read IP mode file for STMicroelectronics.FP-SNS-STBOX1.2.0.0
2024-12-06 21:07:10,399 [WARN] PackLoader:240 - Cannot read IP mode file for STMicroelectronics.X-CUBE-SUBG2.5.0.0
2024-12-06 21:07:10,434 [WARN] PackLoader:240 - Cannot read IP mode file for Cesanta.I-CUBE-Mongoose.7.13.0
2024-12-06 21:07:10,480 [WARN] PackLoader:240 - Cannot read IP mode file for STMicroelectronics.X-CUBE-AZRTOS-G4.2.0.0
2024-12-06 21:07:10,503 [WARN] PackLoader:240 - Cannot read IP mode file for STMicroelectronics.X-CUBE-ALS.1.0.2
2024-12-06 21:07:10,524 [WARN] PackLoader:240 - Cannot read IP mode file for STMicroelectronics.X-CUBE-TOUCHGFX.4.24.1
2024-12-06 21:07:10,543 [WARN] PackLoader:240 - Cannot read IP mode file for wolfSSL.I-CUBE-wolfTPM.3.4.0
2024-12-06 21:07:10,564 [WARN] PackLoader:240 - Cannot read IP mode file for portGmbH.I-Cube-SoM-uGOAL.1.1.0
2024-12-06 21:07:10,603 [WARN] PackLoader:240 - Cannot read IP mode file for STMicroelectronics.X-CUBE-AZRTOS-H7RS.1.0.0
2024-12-06 21:07:10,636 [WARN] PackLoader:240 - Cannot read IP mode file for STMicroelectronics.X-CUBE-TOF1.3.4.2
2024-12-06 21:07:10,719 [WARN] PackLoader:240 - Cannot read IP mode file for Infineon.AIROC-Wi-Fi-Bluetooth-STM32.1.6.1
2024-12-06 21:07:10,743 [WARN] PackLoader:240 - Cannot read IP mode file for wolfSSL.I-CUBE-wolfSSH.1.4.17
2024-12-06 21:07:10,744 [INFO] ThirdParty:978 - Integrity check success = true
2024-12-06 21:07:10,744 [INFO] IntegrityCheckThread:100 - exiting critical section [integrity check]
2024-12-06 21:07:10,744 [INFO] IntegrityCheckThread:103 - End integrity checks thread
2024-12-06 21:07:17,934 [INFO] WebApp:167 - Instantiating new browser for Auth
2024-12-06 21:07:19,038 [INFO] WebApp:448 - Apply proxy settings
2024-12-06 21:07:19,039 [INFO] WebApp:533 - Chromium requires no authentication
2024-12-06 21:07:19,052 [INFO] WebApp:476 - Direct internet connection detected
2024-12-06 21:07:19,088 [INFO] WebApp:869 - Register for checkConnection events
2024-12-06 21:07:19,088 [INFO] WebApp:448 - Apply proxy settings
2024-12-06 21:07:19,088 [INFO] WebApp:533 - Chromium requires no authentication
2024-12-06 21:07:19,089 [INFO] WebApp:476 - Direct internet connection detected
2024-12-06 21:07:19,353 [INFO] WebApp:220 - Starting web application
2024-12-06 21:07:19,353 [INFO] WebApp:578 - Web application path used C:\ST\STM32CubeIDE_1.16.1\STM32CubeIDE\plugins\com.st.stm32cube.common.mx_6.12.1.202409122256\db\plugins\mcufinder\reactClient1\index.html
2024-12-06 21:07:19,619 [INFO] WebApp:186 - Connection restablished
2024-12-06 21:07:19,644 [INFO] UserAuth:417 - Internet connection configuration mode: 1
2024-12-06 21:25:01,923 [ERROR] LogOutputStream:75 - [STDERR_REDIRECT] 
