2024-12-08 09:36:26,773 [INFO] Activator:176 - 


2024-12-08 09:36:26,777 [INFO] Activator:177 - !SESSION log4j initialized
2024-12-08 09:36:31,621 [INFO] LogOutputStream:77 - [STDOUT_REDIRECT] 
2024-12-08 09:36:35,132 [INFO] ApplicationProperties:184 - Using Application install path: C:\ST\STM32CubeIDE_1.16.1\STM32CubeIDE\plugins\com.st.stm32cube.common.mx_6.12.1.202409122256
2024-12-08 09:36:35,147 [INFO] DbMcusXml:78 - Set database path to: C:\ST\STM32CubeIDE_1.16.1\STM32CubeIDE\plugins\com.st.stm32cube.common.mx_6.12.1.202409122256\\db\/mcu/
2024-12-08 09:36:35,147 [INFO] ApiDb:274 - Set plugin database path to: C:\ST\STM32CubeIDE_1.16.1\STM32CubeIDE\plugins\com.st.stm32cube.common.mx_6.12.1.202409122256\\db\/plugins/boardmanager/
2024-12-08 09:36:35,148 [WARN] ApiDb:259 - Overriding images path with different value:  => C:\ST\STM32CubeIDE_1.16.1\STM32CubeIDE\plugins\com.st.stm32cube.common.mx_6.12.1.202409122256\\db\/plugins/mcufinder/images/
2024-12-08 09:36:35,158 [INFO] ApiDb:250 - Set database path to: C:\Users\frado\.stmcufinder\plugins\mcufinder//mcu/
2024-12-08 09:36:35,159 [INFO] DbMcusAds:125 - Set database path to: C:\Users\frado\.stmcufinder\plugins\mcufinder//mcu/
2024-12-08 09:36:35,162 [INFO] CrossReferenceDbSqlite:203 - Set database path to: C:\Users\frado\.stmcufinder\plugins\mcufinder//mcu/cs/
2024-12-08 09:36:35,251 [INFO] RulesReader:64 - Compatibility file has been processed (297 Rules)
2024-12-08 09:36:35,317 [INFO] DbMcusXml:78 - Set database path to: C:\ST\STM32CubeIDE_1.16.1\STM32CubeIDE\plugins\com.st.stm32cube.common.mx_6.12.1.202409122256\\db\/mcu/
2024-12-08 09:36:35,317 [INFO] ApiDb:274 - Set plugin database path to: C:\ST\STM32CubeIDE_1.16.1\STM32CubeIDE\plugins\com.st.stm32cube.common.mx_6.12.1.202409122256\\db\/plugins/boardmanager/
2024-12-08 09:36:35,317 [INFO] ApiDb:261 - Set plugin images path to: C:\ST\STM32CubeIDE_1.16.1\STM32CubeIDE\plugins\com.st.stm32cube.common.mx_6.12.1.202409122256\\db\/plugins/mcufinder/images/
2024-12-08 09:36:35,317 [WARN] DbFile:41 - Overriding database path with different value: C:\Users\frado\.stmcufinder\plugins\mcufinder/ => C:\Users\frado\.stmcufinder\plugins\mcufinder
2024-12-08 09:36:35,317 [INFO] ApiDb:250 - Set database path to: C:\Users\frado\.stmcufinder\plugins\mcufinder//mcu/
2024-12-08 09:36:35,317 [WARN] DbFile:41 - Overriding database path with different value: C:\Users\frado\.stmcufinder\plugins\mcufinder/ => C:\Users\frado\.stmcufinder\plugins\mcufinder
2024-12-08 09:36:35,317 [INFO] DbMcusAds:125 - Set database path to: C:\Users\frado\.stmcufinder\plugins\mcufinder//mcu/
2024-12-08 09:36:35,317 [WARN] DbFile:41 - Overriding database path with different value: C:\Users\frado\.stmcufinder\plugins\mcufinder/ => C:\Users\frado\.stmcufinder\plugins\mcufinder
2024-12-08 09:36:35,318 [WARN] DbFile:41 - Overriding database path with different value: C:\Users\frado\.stmcufinder\plugins\mcufinder/ => C:\Users\frado\.stmcufinder\plugins\mcufinder
2024-12-08 09:36:35,318 [INFO] CrossReferenceDbSqlite:203 - Set database path to: C:\Users\frado\.stmcufinder\plugins\mcufinder//mcu/cs/
2024-12-08 09:36:35,384 [INFO] MainPanel:268 - HeapMemory: 268435456
2024-12-08 09:36:35,474 [INFO] DbMcusXml:78 - Set database path to: C:\ST\STM32CubeIDE_1.16.1\STM32CubeIDE\plugins\com.st.stm32cube.common.mx_6.12.1.202409122256\\db\/mcu/
2024-12-08 09:36:35,474 [INFO] ApiDb:274 - Set plugin database path to: C:\ST\STM32CubeIDE_1.16.1\STM32CubeIDE\plugins\com.st.stm32cube.common.mx_6.12.1.202409122256\\db\/plugins/boardmanager/
2024-12-08 09:36:35,474 [INFO] ApiDb:261 - Set plugin images path to: C:\ST\STM32CubeIDE_1.16.1\STM32CubeIDE\plugins\com.st.stm32cube.common.mx_6.12.1.202409122256\\db\/plugins/mcufinder/images/
2024-12-08 09:36:35,475 [WARN] DbFile:41 - Overriding database path with different value: C:\Users\frado\.stmcufinder\plugins\mcufinder/ => C:\Users\frado\.stmcufinder\plugins\mcufinder
2024-12-08 09:36:35,475 [INFO] ApiDb:250 - Set database path to: C:\Users\frado\.stmcufinder\plugins\mcufinder//mcu/
2024-12-08 09:36:35,475 [WARN] DbFile:41 - Overriding database path with different value: C:\Users\frado\.stmcufinder\plugins\mcufinder/ => C:\Users\frado\.stmcufinder\plugins\mcufinder
2024-12-08 09:36:35,475 [INFO] DbMcusAds:125 - Set database path to: C:\Users\frado\.stmcufinder\plugins\mcufinder//mcu/
2024-12-08 09:36:35,475 [WARN] DbFile:41 - Overriding database path with different value: C:\Users\frado\.stmcufinder\plugins\mcufinder/ => C:\Users\frado\.stmcufinder\plugins\mcufinder
2024-12-08 09:36:35,475 [WARN] DbFile:41 - Overriding database path with different value: C:\Users\frado\.stmcufinder\plugins\mcufinder/ => C:\Users\frado\.stmcufinder\plugins\mcufinder
2024-12-08 09:36:35,475 [INFO] CrossReferenceDbSqlite:203 - Set database path to: C:\Users\frado\.stmcufinder\plugins\mcufinder//mcu/cs/
2024-12-08 09:36:35,489 [INFO] ApplicationProperties:184 - Using Application install path: C:\ST\STM32CubeIDE_1.16.1\STM32CubeIDE\plugins\com.st.stm32cube.common.mx_6.12.1.202409122256
2024-12-08 09:36:35,490 [INFO] PluginManage:196 - Search for loadable plugins [exclusion list=, ]
2024-12-08 09:36:35,491 [INFO] PluginManage:310 - Check plugin analytics
2024-12-08 09:36:35,614 [INFO] AnalyticsPlugin:253 - Accepted Software Licenses: STM32CubeMX.6.12.1
2024-12-08 09:36:35,614 [INFO] AnalyticsPlugin:255 - Accepted CMSIS Pack Licenses: 
2024-12-08 09:36:35,614 [INFO] AnalyticsPlugin:257 - Accepted Firmware Licenses: FW.F4.1.28.0,FW.L4.1.18.0,FW.H7.1.11.0
2024-12-08 09:36:35,616 [INFO] PluginManage:359 - Loaded plugin analytics (category:tool,tabindex:-1)
2024-12-08 09:36:35,616 [INFO] PluginManage:310 - Check plugin cadmodel
2024-12-08 09:36:35,633 [INFO] CADModel:105 - Init CAD model plugin
2024-12-08 09:36:35,633 [INFO] PluginManage:359 - Loaded plugin cadmodel (category:power,tabindex:5)
2024-12-08 09:36:35,633 [INFO] PluginManage:310 - Check plugin clock
2024-12-08 09:36:35,651 [INFO] PluginManage:359 - Loaded plugin clock (category:base,tabindex:2)
2024-12-08 09:36:35,651 [INFO] PluginManage:310 - Check plugin ddr
2024-12-08 09:36:35,654 [INFO] PluginManage:359 - Loaded plugin ddr (category:tool,tabindex:6)
2024-12-08 09:36:35,654 [INFO] PluginManage:310 - Check plugin filemanager
2024-12-08 09:36:35,766 [INFO] PluginManage:359 - Loaded plugin filemanager (category:base,tabindex:10)
2024-12-08 09:36:35,766 [INFO] PluginManage:310 - Check plugin ipmanager
2024-12-08 09:36:35,772 [INFO] PluginManage:359 - Loaded plugin ipmanager (category:base,tabindex:5)
2024-12-08 09:36:35,772 [INFO] PluginManage:310 - Check plugin lpbam
2024-12-08 09:36:35,790 [INFO] PluginManage:359 - Loaded plugin lpbam (category:base,tabindex:0)
2024-12-08 09:36:35,790 [INFO] PluginManage:310 - Check plugin memorymap
2024-12-08 09:36:35,813 [INFO] PluginManage:359 - Loaded plugin memorymap (category:base,tabindex:4)
2024-12-08 09:36:35,813 [INFO] PluginManage:310 - Check plugin pinoutandconfiguration
2024-12-08 09:36:35,830 [INFO] PluginManage:359 - Loaded plugin pinoutandconfiguration (category:base,tabindex:1)
2024-12-08 09:36:35,830 [INFO] PluginManage:310 - Check plugin pinoutconfig
2024-12-08 09:36:35,901 [WARN] SupportedApi:132 - Cannot load RTOS API schema: s4s-elt-must-match.1: The content of 'definitions' must match (annotation?, (simpleType | complexType)?, (unique | key | keyref)*)). A problem was found starting at: attribute.
2024-12-08 09:36:35,993 [INFO] PluginManage:359 - Loaded plugin pinoutconfig (category:base,tabindex:0)
2024-12-08 09:36:35,994 [INFO] PluginManage:310 - Check plugin power
2024-12-08 09:36:36,012 [INFO] PluginManage:359 - Loaded plugin power (category:power,tabindex:4)
2024-12-08 09:36:36,012 [INFO] PluginManage:310 - Check plugin projectmanager
2024-12-08 09:36:36,023 [INFO] PluginManage:359 - Loaded plugin projectmanager (category:projectmanager,tabindex:4)
2024-12-08 09:36:36,024 [INFO] PluginManage:310 - Check plugin rif
2024-12-08 09:36:36,040 [INFO] PluginManage:359 - Loaded plugin rif (category:base,tabindex:3)
2024-12-08 09:36:36,041 [INFO] PluginManage:310 - Check plugin thirdparty
2024-12-08 09:36:36,269 [INFO] PluginManage:359 - Loaded plugin thirdparty (category:base,tabindex:-1)
2024-12-08 09:36:36,270 [INFO] PluginManage:310 - Check plugin tools
2024-12-08 09:36:36,269 [WARN] IntegrityCheckThread:84 - waiting for thirdparty lock release [integrity check]
2024-12-08 09:36:36,270 [INFO] IntegrityCheckThread:86 - entering critical section [integrity check]
2024-12-08 09:36:36,270 [INFO] ThirdPartyUpdaterWithRetryManager:70 - Updater plugin not ready yet. [1/15]
2024-12-08 09:36:36,299 [INFO] PluginManage:359 - Loaded plugin tools (category:base,tabindex:7)
2024-12-08 09:36:36,299 [INFO] PluginManage:310 - Check plugin tutovideos
2024-12-08 09:36:36,439 [INFO] PluginManage:359 - Loaded plugin tutovideos (category:base,tabindex:-1)
2024-12-08 09:36:36,439 [INFO] PluginManage:310 - Check plugin updater
2024-12-08 09:36:36,451 [INFO] PluginManage:359 - Loaded plugin updater (category:base,tabindex:12)
2024-12-08 09:36:36,451 [INFO] PluginManage:310 - Check plugin userauth
2024-12-08 09:36:36,455 [INFO] UserAuth:113 - Init User Auth plugin
2024-12-08 09:36:36,456 [INFO] PluginManage:359 - Loaded plugin userauth (category:base,tabindex:14)
2024-12-08 09:36:36,456 [INFO] PluginManage:283 - PluginManage : Loaded plugins [18]
2024-12-08 09:36:36,616 [INFO] PinOutPanel:1561 - setPackage(No Configuration,No Configuration)
2024-12-08 09:36:36,688 [INFO] CADModel:165 - CPN selected for project level
2024-12-08 09:36:36,688 [INFO] CADModel:114 - Register for checkConnection events
2024-12-08 09:36:36,712 [INFO] IPUIPlugin:80 - create IPUIPlugin
2024-12-08 09:36:36,712 [INFO] PluginManager:220 - loadIPPluginJar : add adc
2024-12-08 09:36:36,743 [INFO] IPUIPlugin:80 - create IPUIPlugin
2024-12-08 09:36:36,743 [INFO] PluginManager:220 - loadIPPluginJar : add aes
2024-12-08 09:36:36,775 [INFO] IPUIPlugin:80 - create IPUIPlugin
2024-12-08 09:36:36,775 [INFO] PluginManager:220 - loadIPPluginJar : add can
2024-12-08 09:36:36,796 [INFO] IPUIPlugin:80 - create IPUIPlugin
2024-12-08 09:36:36,796 [INFO] PluginManager:220 - loadIPPluginJar : add comp
2024-12-08 09:36:36,823 [INFO] IPUIPlugin:80 - create IPUIPlugin
2024-12-08 09:36:36,824 [INFO] PluginManager:220 - loadIPPluginJar : add cryp
2024-12-08 09:36:36,835 [INFO] IPUIPlugin:80 - create IPUIPlugin
2024-12-08 09:36:36,835 [INFO] PluginManager:220 - loadIPPluginJar : add ddr_ctrl_phy
2024-12-08 09:36:36,864 [INFO] IPUIPlugin:80 - create IPUIPlugin
2024-12-08 09:36:36,864 [INFO] PluginManager:220 - loadIPPluginJar : add dfsdm
2024-12-08 09:36:36,878 [INFO] IPUIPlugin:80 - create IPUIPlugin
2024-12-08 09:36:36,878 [INFO] PluginManager:220 - loadIPPluginJar : add dma
2024-12-08 09:36:36,913 [INFO] IPUIPlugin:80 - create IPUIPlugin
2024-12-08 09:36:36,913 [INFO] PluginManager:220 - loadIPPluginJar : add dma3
2024-12-08 09:36:36,948 [INFO] IPUIPlugin:80 - create IPUIPlugin
2024-12-08 09:36:36,948 [INFO] PluginManager:220 - loadIPPluginJar : add extmemmanager
2024-12-08 09:36:36,966 [INFO] IPUIPlugin:80 - create IPUIPlugin
2024-12-08 09:36:36,966 [INFO] PluginManager:220 - loadIPPluginJar : add fatfs
2024-12-08 09:36:37,006 [INFO] IPUIPlugin:80 - create IPUIPlugin
2024-12-08 09:36:37,006 [INFO] PluginManager:220 - loadIPPluginJar : add fmc
2024-12-08 09:36:37,022 [INFO] IPUIPlugin:80 - create IPUIPlugin
2024-12-08 09:36:37,022 [INFO] PluginManager:220 - loadIPPluginJar : add freertos
2024-12-08 09:36:37,040 [INFO] IPUIPlugin:80 - create IPUIPlugin
2024-12-08 09:36:37,040 [INFO] PluginManager:220 - loadIPPluginJar : add genericplugin
2024-12-08 09:36:37,105 [INFO] IPUIPlugin:80 - create IPUIPlugin
2024-12-08 09:36:37,105 [INFO] PluginManager:220 - loadIPPluginJar : add gfxmmu
2024-12-08 09:36:37,198 [INFO] IPUIPlugin:80 - create IPUIPlugin
2024-12-08 09:36:37,198 [INFO] PluginManager:220 - loadIPPluginJar : add gic
2024-12-08 09:36:37,211 [INFO] IPUIPlugin:80 - create IPUIPlugin
2024-12-08 09:36:37,211 [INFO] PluginManager:220 - loadIPPluginJar : add gpio
2024-12-08 09:36:37,281 [INFO] IPUIPlugin:80 - create IPUIPlugin
2024-12-08 09:36:37,281 [INFO] PluginManager:220 - loadIPPluginJar : add gtzc
2024-12-08 09:36:37,306 [INFO] IPUIPlugin:80 - create IPUIPlugin
2024-12-08 09:36:37,306 [INFO] PluginManager:220 - loadIPPluginJar : add hash
2024-12-08 09:36:37,350 [INFO] IPUIPlugin:80 - create IPUIPlugin
2024-12-08 09:36:37,350 [INFO] PluginManager:220 - loadIPPluginJar : add i2c
2024-12-08 09:36:37,382 [INFO] IPUIPlugin:80 - create IPUIPlugin
2024-12-08 09:36:37,382 [INFO] PluginManager:220 - loadIPPluginJar : add i2s
2024-12-08 09:36:37,413 [INFO] IPUIPlugin:80 - create IPUIPlugin
2024-12-08 09:36:37,414 [INFO] PluginManager:220 - loadIPPluginJar : add i3c
2024-12-08 09:36:37,495 [INFO] IPUIPlugin:80 - create IPUIPlugin
2024-12-08 09:36:37,496 [INFO] PluginManager:220 - loadIPPluginJar : add ipddr
2024-12-08 09:36:37,564 [INFO] IPUIPlugin:80 - create IPUIPlugin
2024-12-08 09:36:37,564 [INFO] PluginManager:220 - loadIPPluginJar : add linkedlist
2024-12-08 09:36:37,592 [INFO] IPUIPlugin:80 - create IPUIPlugin
2024-12-08 09:36:37,592 [INFO] PluginManager:220 - loadIPPluginJar : add lorawan
2024-12-08 09:36:37,620 [INFO] IPUIPlugin:80 - create IPUIPlugin
2024-12-08 09:36:37,620 [INFO] PluginManager:220 - loadIPPluginJar : add ltdc
2024-12-08 09:36:37,633 [INFO] IPUIPlugin:80 - create IPUIPlugin
2024-12-08 09:36:37,633 [INFO] PluginManager:220 - loadIPPluginJar : add mdma
2024-12-08 09:36:37,645 [INFO] IPUIPlugin:80 - create IPUIPlugin
2024-12-08 09:36:37,645 [INFO] PluginManager:220 - loadIPPluginJar : add nvic
2024-12-08 09:36:37,675 [INFO] IPUIPlugin:80 - create IPUIPlugin
2024-12-08 09:36:37,675 [INFO] PluginManager:220 - loadIPPluginJar : add opamp
2024-12-08 09:36:37,720 [INFO] IPUIPlugin:80 - create IPUIPlugin
2024-12-08 09:36:37,720 [INFO] PluginManager:220 - loadIPPluginJar : add openamp
2024-12-08 09:36:37,754 [INFO] IPUIPlugin:80 - create IPUIPlugin
2024-12-08 09:36:37,755 [INFO] PluginManager:220 - loadIPPluginJar : add pdm2pcm
2024-12-08 09:36:37,768 [INFO] IPUIPlugin:80 - create IPUIPlugin
2024-12-08 09:36:37,769 [INFO] PluginManager:220 - loadIPPluginJar : add plateformsettings
2024-12-08 09:36:37,790 [INFO] IPUIPlugin:80 - create IPUIPlugin
2024-12-08 09:36:37,790 [INFO] PluginManager:220 - loadIPPluginJar : add quadspi
2024-12-08 09:36:37,812 [INFO] IPUIPlugin:80 - create IPUIPlugin
2024-12-08 09:36:37,812 [INFO] PluginManager:220 - loadIPPluginJar : add radio
2024-12-08 09:36:37,827 [INFO] IPUIPlugin:80 - create IPUIPlugin
2024-12-08 09:36:37,827 [INFO] PluginManager:220 - loadIPPluginJar : add resmgrutility
2024-12-08 09:36:37,868 [INFO] IPUIPlugin:80 - create IPUIPlugin
2024-12-08 09:36:37,868 [INFO] PluginManager:220 - loadIPPluginJar : add sai
2024-12-08 09:36:37,897 [INFO] IPUIPlugin:80 - create IPUIPlugin
2024-12-08 09:36:37,897 [INFO] PluginManager:220 - loadIPPluginJar : add spi
2024-12-08 09:36:37,951 [INFO] IPUIPlugin:80 - create IPUIPlugin
2024-12-08 09:36:37,952 [INFO] PluginManager:220 - loadIPPluginJar : add stm32_wpan
2024-12-08 09:36:37,972 [INFO] IPUIPlugin:80 - create IPUIPlugin
2024-12-08 09:36:37,973 [INFO] PluginManager:220 - loadIPPluginJar : add tim
2024-12-08 09:36:38,018 [INFO] IPUIPlugin:80 - create IPUIPlugin
2024-12-08 09:36:38,018 [INFO] PluginManager:220 - loadIPPluginJar : add touchsensing
2024-12-08 09:36:38,037 [INFO] IPUIPlugin:80 - create IPUIPlugin
2024-12-08 09:36:38,037 [INFO] PluginManager:220 - loadIPPluginJar : add tracer_emb
2024-12-08 09:36:38,060 [INFO] IPUIPlugin:80 - create IPUIPlugin
2024-12-08 09:36:38,060 [INFO] PluginManager:220 - loadIPPluginJar : add ts
2024-12-08 09:36:38,081 [INFO] IPUIPlugin:80 - create IPUIPlugin
2024-12-08 09:36:38,081 [INFO] PluginManager:220 - loadIPPluginJar : add tsc
2024-12-08 09:36:38,100 [INFO] IPUIPlugin:80 - create IPUIPlugin
2024-12-08 09:36:38,100 [INFO] PluginManager:220 - loadIPPluginJar : add ucpd
2024-12-08 09:36:38,135 [INFO] IPUIPlugin:80 - create IPUIPlugin
2024-12-08 09:36:38,135 [INFO] PluginManager:220 - loadIPPluginJar : add usart
2024-12-08 09:36:38,168 [INFO] IPUIPlugin:80 - create IPUIPlugin
2024-12-08 09:36:38,168 [INFO] PluginManager:220 - loadIPPluginJar : add usbx
2024-12-08 09:36:38,278 [INFO] CADModel:165 - CPN selected for project level
2024-12-08 09:36:38,278 [INFO] CADModel:114 - Register for checkConnection events
2024-12-08 09:36:38,278 [FATAL] Updater:334 - Updater called before beeing initialized
2024-12-08 09:36:38,278 [ERROR] CADModel:125 - Updater not yet initialized, retry later 
2024-12-08 09:36:38,376 [INFO] CADModel:165 - CPN selected for project level
2024-12-08 09:36:38,376 [INFO] CADModel:114 - Register for checkConnection events
2024-12-08 09:36:38,376 [FATAL] Updater:334 - Updater called before beeing initialized
2024-12-08 09:36:38,376 [ERROR] CADModel:125 - Updater not yet initialized, retry later 
2024-12-08 09:36:38,379 [FATAL] Updater:334 - Updater called before beeing initialized
2024-12-08 09:36:38,452 [FATAL] Updater:334 - Updater called before beeing initialized
2024-12-08 09:36:38,462 [INFO] DbMcusAds:53 - JSON generation date=Fri Sep 20 15:04:23 CEST 2024 (1726837463113)
2024-12-08 09:36:38,463 [FATAL] Updater:334 - Updater called before beeing initialized
2024-12-08 09:36:38,492 [WARN] DetailPanel:346 - Failed to get advertising image, set to default
2024-12-08 09:36:38,557 [FATAL] Updater:334 - Updater called before beeing initialized
2024-12-08 09:36:38,559 [FATAL] Updater:334 - Updater called before beeing initialized
2024-12-08 09:36:38,559 [FATAL] Updater:334 - Updater called before beeing initialized
2024-12-08 09:36:38,559 [WARN] DetailPanel:346 - Failed to get advertising image, set to default
2024-12-08 09:36:38,560 [FATAL] Updater:334 - Updater called before beeing initialized
2024-12-08 09:36:38,604 [ERROR] Updater:1164 - MainUpdater not yet initialized. External WinMGr cannot be set.
2024-12-08 09:36:38,614 [INFO] Updater:1100 - Updater Version found : 6.12.1
2024-12-08 09:36:38,628 [INFO] ApplicationProperties:184 - Using Application install path: C:\ST\STM32CubeIDE_1.16.1\STM32CubeIDE\plugins\com.st.stm32cube.common.mx_6.12.1.202409122256
2024-12-08 09:36:39,271 [INFO] ThirdPartyUpdaterWithRetryManager:70 - Updater plugin not ready yet. [2/15]
2024-12-08 09:36:40,204 [ERROR] LogOutputStream:75 - [STDERR_REDIRECT] Dec 08, 2024 9:36:40 AM java.util.prefs.WindowsPreferences <init>
2024-12-08 09:36:40,205 [ERROR] LogOutputStream:75 - [STDERR_REDIRECT] WARNING: Could not open/create prefs root node Software\JavaSoft\Prefs at root 0xffffffff80000002. Windows RegCreateKeyEx(...) returned error code 5.
2024-12-08 09:36:40,205 [ERROR] LogOutputStream:75 - [STDERR_REDIRECT] 
2024-12-08 09:36:40,468 [INFO] MainUpdater:2873 - connection check result : 10
2024-12-08 09:36:40,469 [INFO] MainUpdater:290 - Updater Check For Update Now.
2024-12-08 09:36:40,469 [INFO] MicroXplorer:498 - Change Database Version : DB.6.0.121
2024-12-08 09:36:40,484 [INFO] McuFinderGlobals:63 - Set McuFinder mode to 2 (CubeIDE integrated)
2024-12-08 09:36:40,490 [INFO] UserAuth:417 - Internet connection configuration mode: 1
2024-12-08 09:36:40,512 [INFO] JxBrowserEngine:152 - Initiate JxBrowser Engine with user profile folder
2024-12-08 09:36:40,680 [INFO] CheckServerUpdateThread:120 - End of CheckServer Thread
2024-12-08 09:36:42,433 [WARN] PackLoader:240 - Cannot read IP mode file for STMicroelectronics.FP-SNS-MOTENVWB1.1.4.0
2024-12-08 09:36:42,448 [WARN] PackLoader:240 - Cannot read IP mode file for STMicroelectronics.FP-ATR-ASTRA1.2.0.1
2024-12-08 09:36:42,462 [WARN] PackLoader:240 - Cannot read IP mode file for STMicroelectronics.X-CUBE-SMBUS.2.1.0
2024-12-08 09:36:42,478 [WARN] PackLoader:240 - Cannot read IP mode file for STMicroelectronics.X-CUBE-WB05N.1.1.0
2024-12-08 09:36:42,511 [WARN] PackLoader:240 - Cannot read IP mode file for STMicroelectronics.X-CUBE-AZRTOS-F7.1.1.0
2024-12-08 09:36:42,581 [WARN] PackLoader:240 - Cannot read IP mode file for STMicroelectronics.X-CUBE-MEMS1.11.0.0
2024-12-08 09:36:42,697 [WARN] PackLoader:240 - Cannot read IP mode file for STMicroelectronics.FP-SNS-FLIGHT1.5.0.2
2024-12-08 09:36:42,714 [WARN] PackLoader:240 - Cannot read IP mode file for STMicroelectronics.X-CUBE-DISPLAY.3.0.0
2024-12-08 09:36:42,735 [WARN] PackLoader:240 - Cannot read IP mode file for STMicroelectronics.X-CUBE-BLE1.7.0.0
2024-12-08 09:36:42,754 [WARN] PackLoader:240 - Cannot read IP mode file for STMicroelectronics.X-CUBE-NFC10.1.0.0
2024-12-08 09:36:42,774 [WARN] PackLoader:240 - Cannot read IP mode file for STMicroelectronics.X-CUBE-BLEMGR.4.0.0
2024-12-08 09:36:42,793 [WARN] PackLoader:240 - Cannot read IP mode file for emotas.I-CUBE-CANOPEN.1.3.0
2024-12-08 09:36:42,812 [WARN] PackLoader:240 - Cannot read IP mode file for STMicroelectronics.X-CUBE-BLEMGR.3.1.0
2024-12-08 09:36:42,829 [WARN] PackLoader:240 - Cannot read IP mode file for STMicroelectronics.FP-SNS-SMARTAG2.1.2.0
2024-12-08 09:36:42,850 [INFO] LogOutputStream:77 - [STDOUT_REDIRECT] 1 : Invalid condition id : UX_CORESTACK_Condition cause : null
2024-12-08 09:36:42,850 [INFO] LogOutputStream:77 - [STDOUT_REDIRECT] 1 : Invalid condition id : UX_CORESTACK_Condition cause : null
2024-12-08 09:36:42,851 [INFO] LogOutputStream:77 - [STDOUT_REDIRECT] 1 : Invalid condition id : UX_CORESTACK_Condition cause : null
2024-12-08 09:36:42,852 [INFO] LogOutputStream:77 - [STDOUT_REDIRECT] 1 : Invalid condition id : UX_CORESTACK_Condition cause : null
2024-12-08 09:36:42,852 [INFO] LogOutputStream:77 - [STDOUT_REDIRECT] 1 : Invalid condition id : UX_CORESTACK_Condition cause : null
2024-12-08 09:36:42,854 [WARN] PackLoader:240 - Cannot read IP mode file for STMicroelectronics.X-CUBE-AZRTOS-WL.2.0.0
2024-12-08 09:36:42,872 [WARN] PackLoader:240 - Cannot read IP mode file for STMicroelectronics.FP-SNS-MOTENV1.5.0.0
2024-12-08 09:36:42,886 [WARN] PackLoader:240 - Cannot read IP mode file for wolfSSL.I-CUBE-wolfMQTT.1.19.0
2024-12-08 09:36:42,904 [WARN] PackLoader:240 - Cannot read IP mode file for WES.I-CUBE-Cesium.1.3.0
2024-12-08 09:36:42,922 [WARN] PackLoader:240 - Cannot read IP mode file for STMicroelectronics.X-CUBE-BLE2.3.3.0
2024-12-08 09:36:42,940 [WARN] PackLoader:240 - Cannot read IP mode file for STMicroelectronics.X-CUBE-NFC9.1.0.0
2024-12-08 09:36:42,957 [WARN] PackLoader:240 - Cannot read IP mode file for STMicroelectronics.X-CUBE-TCPP.4.1.0
2024-12-08 09:36:42,988 [WARN] PackLoader:240 - Cannot read IP mode file for STMicroelectronics.X-CUBE-AZRTOS-G0.1.1.0
2024-12-08 09:36:43,009 [WARN] PackLoader:240 - Cannot read IP mode file for STMicroelectronics.X-CUBE-SAFEA1.1.2.2
2024-12-08 09:36:43,027 [WARN] PackLoader:240 - Cannot read IP mode file for STMicroelectronics.X-CUBE-NFC4.3.0.0
2024-12-08 09:36:43,046 [WARN] PackLoader:240 - Cannot read IP mode file for EmbeddedOffice.I-CUBE-FS-RTOS.1.0.1
2024-12-08 09:36:43,046 [ERROR] ConditionMgr:805 - Attr not supported : Dmpu
2024-12-08 09:36:43,046 [ERROR] ConditionMgr:805 - Attr not supported : Dmpu
2024-12-08 09:36:43,046 [ERROR] ConditionMgr:805 - Attr not supported : Dmpu
2024-12-08 09:36:43,047 [ERROR] ConditionMgr:805 - Attr not supported : Dmpu
2024-12-08 09:36:43,047 [ERROR] ConditionMgr:805 - Attr not supported : Dmpu
2024-12-08 09:36:43,047 [ERROR] ConditionMgr:805 - Attr not supported : Dmpu
2024-12-08 09:36:43,047 [ERROR] ConditionMgr:805 - Attr not supported : Dmpu
2024-12-08 09:36:43,047 [ERROR] ConditionMgr:805 - Attr not supported : Dmpu
2024-12-08 09:36:43,047 [ERROR] ConditionMgr:805 - Attr not supported : Dmpu
2024-12-08 09:36:43,047 [ERROR] ConditionMgr:805 - Attr not supported : Dmpu
2024-12-08 09:36:43,047 [ERROR] ConditionMgr:805 - Attr not supported : Dmpu
2024-12-08 09:36:43,047 [ERROR] ConditionMgr:805 - Attr not supported : Dmpu
2024-12-08 09:36:43,047 [ERROR] ConditionMgr:805 - Attr not supported : Dmpu
2024-12-08 09:36:43,047 [ERROR] ConditionMgr:805 - Attr not supported : Dmpu
2024-12-08 09:36:43,047 [ERROR] ConditionMgr:805 - Attr not supported : Dmpu
2024-12-08 09:36:43,047 [ERROR] ConditionMgr:805 - Attr not supported : Dmpu
2024-12-08 09:36:43,047 [ERROR] ConditionMgr:805 - Attr not supported : Dmpu
2024-12-08 09:36:43,048 [ERROR] ConditionMgr:805 - Attr not supported : Dmpu
2024-12-08 09:36:43,048 [ERROR] ConditionMgr:805 - Attr not supported : Dmpu
2024-12-08 09:36:43,048 [ERROR] ConditionMgr:805 - Attr not supported : Dmpu
2024-12-08 09:36:43,048 [ERROR] ConditionMgr:805 - Attr not supported : Dmpu
2024-12-08 09:36:43,048 [ERROR] ConditionMgr:805 - Attr not supported : Dmpu
2024-12-08 09:36:43,048 [ERROR] ConditionMgr:805 - Attr not supported : Dmpu
2024-12-08 09:36:43,048 [ERROR] ConditionMgr:805 - Attr not supported : Dmpu
2024-12-08 09:36:43,048 [ERROR] ConditionMgr:805 - Attr not supported : Dmpu
2024-12-08 09:36:43,048 [ERROR] ConditionMgr:805 - Attr not supported : Dmpu
2024-12-08 09:36:43,048 [ERROR] ConditionMgr:805 - Attr not supported : Dmpu
2024-12-08 09:36:43,048 [ERROR] ConditionMgr:805 - Attr not supported : Dmpu
2024-12-08 09:36:43,048 [ERROR] ConditionMgr:805 - Attr not supported : Dmpu
2024-12-08 09:36:43,048 [ERROR] ConditionMgr:805 - Attr not supported : Dmpu
2024-12-08 09:36:43,048 [ERROR] ConditionMgr:805 - Attr not supported : Dmpu
2024-12-08 09:36:43,048 [ERROR] ConditionMgr:805 - Attr not supported : Dmpu
2024-12-08 09:36:43,048 [ERROR] ConditionMgr:805 - Attr not supported : Dmpu
2024-12-08 09:36:43,049 [ERROR] ConditionMgr:805 - Attr not supported : Dmpu
2024-12-08 09:36:43,049 [ERROR] ConditionMgr:805 - Attr not supported : Dmpu
2024-12-08 09:36:43,049 [ERROR] ConditionMgr:805 - Attr not supported : Dmpu
2024-12-08 09:36:43,049 [ERROR] ConditionMgr:805 - Attr not supported : Dmpu
2024-12-08 09:36:43,049 [ERROR] ConditionMgr:805 - Attr not supported : Dmpu
2024-12-08 09:36:43,049 [ERROR] ConditionMgr:805 - Attr not supported : Dmpu
2024-12-08 09:36:43,049 [ERROR] ConditionMgr:805 - Attr not supported : Dmpu
2024-12-08 09:36:43,049 [ERROR] ConditionMgr:805 - Attr not supported : Dmpu
2024-12-08 09:36:43,049 [ERROR] ConditionMgr:805 - Attr not supported : Dmpu
2024-12-08 09:36:43,049 [ERROR] ConditionMgr:805 - Attr not supported : Dmpu
2024-12-08 09:36:43,049 [ERROR] ConditionMgr:805 - Attr not supported : Dmpu
2024-12-08 09:36:43,049 [ERROR] ConditionMgr:805 - Attr not supported : Dmpu
2024-12-08 09:36:43,049 [ERROR] ConditionMgr:805 - Attr not supported : Dmpu
2024-12-08 09:36:43,049 [ERROR] ConditionMgr:805 - Attr not supported : Dmpu
2024-12-08 09:36:43,050 [ERROR] ConditionMgr:805 - Attr not supported : Dmpu
2024-12-08 09:36:43,050 [ERROR] ConditionMgr:805 - Attr not supported : Dmpu
2024-12-08 09:36:43,050 [ERROR] ConditionMgr:805 - Attr not supported : Dmpu
2024-12-08 09:36:43,050 [ERROR] ConditionMgr:805 - Attr not supported : Dmpu
2024-12-08 09:36:43,050 [ERROR] ConditionMgr:805 - Attr not supported : Dmpu
2024-12-08 09:36:43,050 [ERROR] ConditionMgr:805 - Attr not supported : Dmpu
2024-12-08 09:36:43,050 [ERROR] ConditionMgr:805 - Attr not supported : Dmpu
2024-12-08 09:36:43,050 [ERROR] ConditionMgr:805 - Attr not supported : Dmpu
2024-12-08 09:36:43,050 [ERROR] ConditionMgr:805 - Attr not supported : Dmpu
2024-12-08 09:36:43,050 [ERROR] ConditionMgr:805 - Attr not supported : Dmpu
2024-12-08 09:36:43,050 [ERROR] ConditionMgr:805 - Attr not supported : Dmpu
2024-12-08 09:36:43,050 [ERROR] ConditionMgr:805 - Attr not supported : Dmpu
2024-12-08 09:36:43,050 [ERROR] ConditionMgr:805 - Attr not supported : Dmpu
2024-12-08 09:36:43,050 [ERROR] ConditionMgr:805 - Attr not supported : Dmpu
2024-12-08 09:36:43,050 [ERROR] ConditionMgr:805 - Attr not supported : Dmpu
2024-12-08 09:36:43,050 [ERROR] ConditionMgr:805 - Attr not supported : Dmpu
2024-12-08 09:36:43,050 [ERROR] ConditionMgr:805 - Attr not supported : Dmpu
2024-12-08 09:36:43,068 [WARN] PackLoader:240 - Cannot read IP mode file for RealThread.X-CUBE-RT-Thread_Nano.4.1.1
2024-12-08 09:36:43,083 [WARN] PackLoader:240 - Cannot read IP mode file for STMicroelectronics.FP-ATR-SIGFOX1.3.2.0
2024-12-08 09:36:43,097 [WARN] ConditionMgr:438 - getConditionDescription Invalid condition id : Cortex-A Device cause : null
2024-12-08 09:36:43,117 [WARN] ConditionMgr:1039 - genDependencies : Invalid condition id : Cortex-A Device cause : null
2024-12-08 09:36:43,117 [WARN] ConditionMgr:1039 - genDependencies : Invalid condition id : Cortex-A Device cause : null
2024-12-08 09:36:43,117 [WARN] ConditionMgr:1039 - genDependencies : Invalid condition id : Cortex-A Device cause : null
2024-12-08 09:36:43,131 [WARN] PackLoader:240 - Cannot read IP mode file for STMicroelectronics.X-CUBE-EEPRMA1.5.1.0
2024-12-08 09:36:43,144 [WARN] PackLoader:240 - Cannot read IP mode file for wolfSSL.I-CUBE-wolfSSL.5.7.4
2024-12-08 09:36:43,158 [WARN] PackLoader:240 - Cannot read IP mode file for ITTIA_DB.I-CUBE-ITTIADB.8.9.0
2024-12-08 09:36:43,186 [WARN] PackLoader:240 - Cannot read IP mode file for SEGGER.I-CUBE-embOS.1.3.1
2024-12-08 09:36:43,220 [WARN] PackLoader:240 - Cannot read IP mode file for STMicroelectronics.X-CUBE-ALGOBUILD.1.4.0
2024-12-08 09:36:43,237 [WARN] PackLoader:240 - Cannot read IP mode file for STMicroelectronics.X-CUBE-AI.9.1.0
2024-12-08 09:36:43,264 [WARN] PackLoader:240 - Cannot read IP mode file for STMicroelectronics.X-CUBE-AZRTOS-F4.1.1.0
2024-12-08 09:36:43,282 [WARN] PackLoader:240 - Cannot read IP mode file for STMicroelectronics.X-CUBE-ISPU.2.1.0
2024-12-08 09:36:43,296 [WARN] PackLoader:240 - Cannot read IP mode file for STMicroelectronics.X-CUBE-FREERTOS.1.2.0
2024-12-08 09:36:43,323 [WARN] PackLoader:240 - Cannot read IP mode file for STMicroelectronics.X-CUBE-AZRTOS-L5.2.0.0
2024-12-08 09:36:43,348 [WARN] PackLoader:240 - Cannot read IP mode file for STMicroelectronics.X-CUBE-NFC6.3.1.0
2024-12-08 09:36:43,364 [WARN] PackLoader:240 - Cannot read IP mode file for STMicroelectronics.X-CUBE-DPower.1.2.0
2024-12-08 09:36:43,380 [WARN] PackLoader:240 - Cannot read IP mode file for STMicroelectronics.X-CUBE-NFC7.1.0.1
2024-12-08 09:36:43,407 [WARN] ConditionMgr:438 - getConditionDescription Invalid condition id : LAN8742 Phy interface Condition cause : null
2024-12-08 09:36:43,407 [WARN] PackLoader:240 - Cannot read IP mode file for STMicroelectronics.X-CUBE-AZRTOS-L4.2.0.0
2024-12-08 09:36:43,410 [WARN] ConditionMgr:1039 - genDependencies : Invalid condition id : LAN8742 Phy interface Condition cause : null
2024-12-08 09:36:43,411 [WARN] ConditionMgr:1039 - genDependencies : Invalid condition id : LAN8742 Phy interface Condition cause : null
2024-12-08 09:36:43,411 [WARN] ConditionMgr:1039 - genDependencies : Invalid condition id : LAN8742 Phy interface Condition cause : null
2024-12-08 09:36:43,434 [WARN] PackLoader:240 - Cannot read IP mode file for STMicroelectronics.X-CUBE-SFXS2LP1.4.0.0
2024-12-08 09:36:43,461 [WARN] PackLoader:240 - Cannot read IP mode file for STMicroelectronics.X-CUBE-AZRTOS-H7.3.3.0
2024-12-08 09:36:43,486 [WARN] PackLoader:240 - Cannot read IP mode file for STMicroelectronics.X-CUBE-IPS.3.0.0
2024-12-08 09:36:43,515 [WARN] ConditionMgr:438 - getConditionDescription Invalid condition id : UX DEVICE CLASS RTOS Condition cause : null
2024-12-08 09:36:43,515 [WARN] ConditionMgr:438 - getConditionDescription Invalid condition id : UX DEVICE CLASS RTOS Condition cause : null
2024-12-08 09:36:43,516 [WARN] PackLoader:240 - Cannot read IP mode file for STMicroelectronics.X-CUBE-AZRTOS-WB.2.0.0
2024-12-08 09:36:43,517 [WARN] ConditionMgr:1039 - genDependencies : Invalid condition id : UX DEVICE CLASS RTOS Condition cause : null
2024-12-08 09:36:43,517 [WARN] ConditionMgr:1039 - genDependencies : Invalid condition id : UX DEVICE CLASS RTOS Condition cause : null
2024-12-08 09:36:43,517 [WARN] ConditionMgr:1039 - genDependencies : Invalid condition id : UX DEVICE CLASS RTOS Condition cause : null
2024-12-08 09:36:43,517 [WARN] ConditionMgr:1039 - genDependencies : Invalid condition id : UX DEVICE CLASS RTOS Condition cause : null
2024-12-08 09:36:43,517 [WARN] ConditionMgr:1039 - genDependencies : Invalid condition id : UX DEVICE CLASS RTOS Condition cause : null
2024-12-08 09:36:43,535 [WARN] PackLoader:240 - Cannot read IP mode file for STMicroelectronics.X-CUBE-GNSS1.7.0.0
2024-12-08 09:36:43,551 [WARN] PackLoader:240 - Cannot read IP mode file for STMicroelectronics.FP-SNS-STBOX1.2.0.0
2024-12-08 09:36:43,570 [WARN] PackLoader:240 - Cannot read IP mode file for STMicroelectronics.X-CUBE-SUBG2.5.0.0
2024-12-08 09:36:43,584 [WARN] PackLoader:240 - Cannot read IP mode file for Cesanta.I-CUBE-Mongoose.7.13.0
2024-12-08 09:36:43,604 [WARN] PackLoader:240 - Cannot read IP mode file for STMicroelectronics.X-CUBE-AZRTOS-G4.2.0.0
2024-12-08 09:36:43,616 [WARN] PackLoader:240 - Cannot read IP mode file for STMicroelectronics.X-CUBE-ALS.1.0.2
2024-12-08 09:36:43,628 [WARN] PackLoader:240 - Cannot read IP mode file for STMicroelectronics.X-CUBE-TOUCHGFX.4.24.1
2024-12-08 09:36:43,639 [WARN] PackLoader:240 - Cannot read IP mode file for wolfSSL.I-CUBE-wolfTPM.3.4.0
2024-12-08 09:36:43,652 [WARN] PackLoader:240 - Cannot read IP mode file for portGmbH.I-Cube-SoM-uGOAL.1.1.0
2024-12-08 09:36:43,676 [WARN] PackLoader:240 - Cannot read IP mode file for STMicroelectronics.X-CUBE-AZRTOS-H7RS.1.0.0
2024-12-08 09:36:43,691 [WARN] PackLoader:240 - Cannot read IP mode file for STMicroelectronics.X-CUBE-TOF1.3.4.2
2024-12-08 09:36:43,722 [WARN] PackLoader:240 - Cannot read IP mode file for Infineon.AIROC-Wi-Fi-Bluetooth-STM32.1.6.1
2024-12-08 09:36:43,734 [WARN] PackLoader:240 - Cannot read IP mode file for wolfSSL.I-CUBE-wolfSSH.1.4.17
2024-12-08 09:36:43,734 [INFO] ThirdParty:978 - Integrity check success = true
2024-12-08 09:36:43,734 [INFO] IntegrityCheckThread:100 - exiting critical section [integrity check]
2024-12-08 09:36:43,735 [INFO] IntegrityCheckThread:103 - End integrity checks thread
2024-12-08 09:36:45,779 [INFO] WebApp:167 - Instantiating new browser for Auth
2024-12-08 09:36:46,325 [INFO] WebApp:448 - Apply proxy settings
2024-12-08 09:36:46,325 [INFO] WebApp:533 - Chromium requires no authentication
2024-12-08 09:36:46,332 [INFO] WebApp:476 - Direct internet connection detected
2024-12-08 09:36:46,355 [INFO] WebApp:869 - Register for checkConnection events
2024-12-08 09:36:46,356 [INFO] WebApp:448 - Apply proxy settings
2024-12-08 09:36:46,356 [INFO] WebApp:533 - Chromium requires no authentication
2024-12-08 09:36:46,356 [INFO] WebApp:476 - Direct internet connection detected
2024-12-08 09:36:46,492 [INFO] WebApp:220 - Starting web application
2024-12-08 09:36:46,492 [INFO] WebApp:578 - Web application path used C:\ST\STM32CubeIDE_1.16.1\STM32CubeIDE\plugins\com.st.stm32cube.common.mx_6.12.1.202409122256\db\plugins\mcufinder\reactClient1\index.html
2024-12-08 09:36:46,617 [INFO] WebApp:186 - Connection restablished
2024-12-08 09:36:46,620 [INFO] UserAuth:417 - Internet connection configuration mode: 1
