2024-12-04 12:29:15,177 [INFO] Activator:176 - 


2024-12-04 12:29:15,178 [INFO] Activator:177 - !SESSION log4j initialized
2024-12-04 12:29:17,449 [INFO] LogOutputStream:77 - [STDOUT_REDIRECT] 
2024-12-04 12:29:19,186 [INFO] ApplicationProperties:184 - Using Application install path: C:\ST\STM32CubeIDE_1.16.1\STM32CubeIDE\plugins\com.st.stm32cube.common.mx_6.12.1.202409122256
2024-12-04 12:29:19,199 [INFO] DbMcusXml:78 - Set database path to: C:\ST\STM32CubeIDE_1.16.1\STM32CubeIDE\plugins\com.st.stm32cube.common.mx_6.12.1.202409122256\\db\/mcu/
2024-12-04 12:29:19,200 [INFO] ApiDb:274 - Set plugin database path to: C:\ST\STM32CubeIDE_1.16.1\STM32CubeIDE\plugins\com.st.stm32cube.common.mx_6.12.1.202409122256\\db\/plugins/boardmanager/
2024-12-04 12:29:19,200 [WARN] ApiDb:259 - Overriding images path with different value:  => C:\ST\STM32CubeIDE_1.16.1\STM32CubeIDE\plugins\com.st.stm32cube.common.mx_6.12.1.202409122256\\db\/plugins/mcufinder/images/
2024-12-04 12:29:19,210 [INFO] ApiDb:250 - Set database path to: C:\Users\frado\.stmcufinder\plugins\mcufinder//mcu/
2024-12-04 12:29:19,211 [INFO] DbMcusAds:125 - Set database path to: C:\Users\frado\.stmcufinder\plugins\mcufinder//mcu/
2024-12-04 12:29:19,213 [INFO] CrossReferenceDbSqlite:203 - Set database path to: C:\Users\frado\.stmcufinder\plugins\mcufinder//mcu/cs/
2024-12-04 12:29:19,296 [INFO] RulesReader:64 - Compatibility file has been processed (297 Rules)
2024-12-04 12:29:19,354 [INFO] DbMcusXml:78 - Set database path to: C:\ST\STM32CubeIDE_1.16.1\STM32CubeIDE\plugins\com.st.stm32cube.common.mx_6.12.1.202409122256\\db\/mcu/
2024-12-04 12:29:19,354 [INFO] ApiDb:274 - Set plugin database path to: C:\ST\STM32CubeIDE_1.16.1\STM32CubeIDE\plugins\com.st.stm32cube.common.mx_6.12.1.202409122256\\db\/plugins/boardmanager/
2024-12-04 12:29:19,355 [INFO] ApiDb:261 - Set plugin images path to: C:\ST\STM32CubeIDE_1.16.1\STM32CubeIDE\plugins\com.st.stm32cube.common.mx_6.12.1.202409122256\\db\/plugins/mcufinder/images/
2024-12-04 12:29:19,355 [WARN] DbFile:41 - Overriding database path with different value: C:\Users\frado\.stmcufinder\plugins\mcufinder/ => C:\Users\frado\.stmcufinder\plugins\mcufinder
2024-12-04 12:29:19,355 [INFO] ApiDb:250 - Set database path to: C:\Users\frado\.stmcufinder\plugins\mcufinder//mcu/
2024-12-04 12:29:19,355 [WARN] DbFile:41 - Overriding database path with different value: C:\Users\frado\.stmcufinder\plugins\mcufinder/ => C:\Users\frado\.stmcufinder\plugins\mcufinder
2024-12-04 12:29:19,355 [INFO] DbMcusAds:125 - Set database path to: C:\Users\frado\.stmcufinder\plugins\mcufinder//mcu/
2024-12-04 12:29:19,355 [WARN] DbFile:41 - Overriding database path with different value: C:\Users\frado\.stmcufinder\plugins\mcufinder/ => C:\Users\frado\.stmcufinder\plugins\mcufinder
2024-12-04 12:29:19,355 [WARN] DbFile:41 - Overriding database path with different value: C:\Users\frado\.stmcufinder\plugins\mcufinder/ => C:\Users\frado\.stmcufinder\plugins\mcufinder
2024-12-04 12:29:19,355 [INFO] CrossReferenceDbSqlite:203 - Set database path to: C:\Users\frado\.stmcufinder\plugins\mcufinder//mcu/cs/
2024-12-04 12:29:19,415 [INFO] MainPanel:268 - HeapMemory: 268435456
2024-12-04 12:29:19,491 [INFO] DbMcusXml:78 - Set database path to: C:\ST\STM32CubeIDE_1.16.1\STM32CubeIDE\plugins\com.st.stm32cube.common.mx_6.12.1.202409122256\\db\/mcu/
2024-12-04 12:29:19,491 [INFO] ApiDb:274 - Set plugin database path to: C:\ST\STM32CubeIDE_1.16.1\STM32CubeIDE\plugins\com.st.stm32cube.common.mx_6.12.1.202409122256\\db\/plugins/boardmanager/
2024-12-04 12:29:19,491 [INFO] ApiDb:261 - Set plugin images path to: C:\ST\STM32CubeIDE_1.16.1\STM32CubeIDE\plugins\com.st.stm32cube.common.mx_6.12.1.202409122256\\db\/plugins/mcufinder/images/
2024-12-04 12:29:19,491 [WARN] DbFile:41 - Overriding database path with different value: C:\Users\frado\.stmcufinder\plugins\mcufinder/ => C:\Users\frado\.stmcufinder\plugins\mcufinder
2024-12-04 12:29:19,491 [INFO] ApiDb:250 - Set database path to: C:\Users\frado\.stmcufinder\plugins\mcufinder//mcu/
2024-12-04 12:29:19,491 [WARN] DbFile:41 - Overriding database path with different value: C:\Users\frado\.stmcufinder\plugins\mcufinder/ => C:\Users\frado\.stmcufinder\plugins\mcufinder
2024-12-04 12:29:19,491 [INFO] DbMcusAds:125 - Set database path to: C:\Users\frado\.stmcufinder\plugins\mcufinder//mcu/
2024-12-04 12:29:19,491 [WARN] DbFile:41 - Overriding database path with different value: C:\Users\frado\.stmcufinder\plugins\mcufinder/ => C:\Users\frado\.stmcufinder\plugins\mcufinder
2024-12-04 12:29:19,492 [WARN] DbFile:41 - Overriding database path with different value: C:\Users\frado\.stmcufinder\plugins\mcufinder/ => C:\Users\frado\.stmcufinder\plugins\mcufinder
2024-12-04 12:29:19,492 [INFO] CrossReferenceDbSqlite:203 - Set database path to: C:\Users\frado\.stmcufinder\plugins\mcufinder//mcu/cs/
2024-12-04 12:29:19,504 [INFO] ApplicationProperties:184 - Using Application install path: C:\ST\STM32CubeIDE_1.16.1\STM32CubeIDE\plugins\com.st.stm32cube.common.mx_6.12.1.202409122256
2024-12-04 12:29:19,505 [INFO] PluginManage:196 - Search for loadable plugins [exclusion list=, ]
2024-12-04 12:29:19,507 [INFO] PluginManage:310 - Check plugin analytics
2024-12-04 12:29:19,632 [INFO] AnalyticsPlugin:253 - Accepted Software Licenses: STM32CubeMX.6.12.1
2024-12-04 12:29:19,632 [INFO] AnalyticsPlugin:255 - Accepted CMSIS Pack Licenses: 
2024-12-04 12:29:19,632 [INFO] AnalyticsPlugin:257 - Accepted Firmware Licenses: FW.F4.1.28.0,FW.L4.1.18.0
2024-12-04 12:29:19,634 [INFO] PluginManage:359 - Loaded plugin analytics (category:tool,tabindex:-1)
2024-12-04 12:29:19,634 [INFO] PluginManage:310 - Check plugin cadmodel
2024-12-04 12:29:19,652 [INFO] CADModel:105 - Init CAD model plugin
2024-12-04 12:29:19,653 [INFO] PluginManage:359 - Loaded plugin cadmodel (category:power,tabindex:5)
2024-12-04 12:29:19,653 [INFO] PluginManage:310 - Check plugin clock
2024-12-04 12:29:19,674 [INFO] PluginManage:359 - Loaded plugin clock (category:base,tabindex:2)
2024-12-04 12:29:19,674 [INFO] PluginManage:310 - Check plugin ddr
2024-12-04 12:29:19,676 [INFO] PluginManage:359 - Loaded plugin ddr (category:tool,tabindex:6)
2024-12-04 12:29:19,676 [INFO] PluginManage:310 - Check plugin filemanager
2024-12-04 12:29:19,810 [INFO] PluginManage:359 - Loaded plugin filemanager (category:base,tabindex:10)
2024-12-04 12:29:19,810 [INFO] PluginManage:310 - Check plugin ipmanager
2024-12-04 12:29:19,817 [INFO] PluginManage:359 - Loaded plugin ipmanager (category:base,tabindex:5)
2024-12-04 12:29:19,817 [INFO] PluginManage:310 - Check plugin lpbam
2024-12-04 12:29:19,835 [INFO] PluginManage:359 - Loaded plugin lpbam (category:base,tabindex:0)
2024-12-04 12:29:19,835 [INFO] PluginManage:310 - Check plugin memorymap
2024-12-04 12:29:19,858 [INFO] PluginManage:359 - Loaded plugin memorymap (category:base,tabindex:4)
2024-12-04 12:29:19,858 [INFO] PluginManage:310 - Check plugin pinoutandconfiguration
2024-12-04 12:29:19,876 [INFO] PluginManage:359 - Loaded plugin pinoutandconfiguration (category:base,tabindex:1)
2024-12-04 12:29:19,876 [INFO] PluginManage:310 - Check plugin pinoutconfig
2024-12-04 12:29:19,945 [WARN] SupportedApi:132 - Cannot load RTOS API schema: s4s-elt-must-match.1: The content of 'definitions' must match (annotation?, (simpleType | complexType)?, (unique | key | keyref)*)). A problem was found starting at: attribute.
2024-12-04 12:29:20,037 [INFO] PluginManage:359 - Loaded plugin pinoutconfig (category:base,tabindex:0)
2024-12-04 12:29:20,037 [INFO] PluginManage:310 - Check plugin power
2024-12-04 12:29:20,056 [INFO] PluginManage:359 - Loaded plugin power (category:power,tabindex:4)
2024-12-04 12:29:20,056 [INFO] PluginManage:310 - Check plugin projectmanager
2024-12-04 12:29:20,067 [INFO] PluginManage:359 - Loaded plugin projectmanager (category:projectmanager,tabindex:4)
2024-12-04 12:29:20,067 [INFO] PluginManage:310 - Check plugin rif
2024-12-04 12:29:20,082 [INFO] PluginManage:359 - Loaded plugin rif (category:base,tabindex:3)
2024-12-04 12:29:20,083 [INFO] PluginManage:310 - Check plugin thirdparty
2024-12-04 12:29:20,306 [INFO] PluginManage:359 - Loaded plugin thirdparty (category:base,tabindex:-1)
2024-12-04 12:29:20,306 [INFO] PluginManage:310 - Check plugin tools
2024-12-04 12:29:20,306 [WARN] IntegrityCheckThread:84 - waiting for thirdparty lock release [integrity check]
2024-12-04 12:29:20,307 [INFO] IntegrityCheckThread:86 - entering critical section [integrity check]
2024-12-04 12:29:20,307 [INFO] ThirdPartyUpdaterWithRetryManager:70 - Updater plugin not ready yet. [1/15]
2024-12-04 12:29:20,334 [INFO] PluginManage:359 - Loaded plugin tools (category:base,tabindex:7)
2024-12-04 12:29:20,335 [INFO] PluginManage:310 - Check plugin tutovideos
2024-12-04 12:29:20,473 [INFO] PluginManage:359 - Loaded plugin tutovideos (category:base,tabindex:-1)
2024-12-04 12:29:20,473 [INFO] PluginManage:310 - Check plugin updater
2024-12-04 12:29:20,485 [INFO] PluginManage:359 - Loaded plugin updater (category:base,tabindex:12)
2024-12-04 12:29:20,486 [INFO] PluginManage:310 - Check plugin userauth
2024-12-04 12:29:20,490 [INFO] UserAuth:113 - Init User Auth plugin
2024-12-04 12:29:20,490 [INFO] PluginManage:359 - Loaded plugin userauth (category:base,tabindex:14)
2024-12-04 12:29:20,490 [INFO] PluginManage:283 - PluginManage : Loaded plugins [18]
2024-12-04 12:29:20,632 [INFO] PinOutPanel:1561 - setPackage(No Configuration,No Configuration)
2024-12-04 12:29:20,695 [INFO] CADModel:165 - CPN selected for project level
2024-12-04 12:29:20,695 [INFO] CADModel:114 - Register for checkConnection events
2024-12-04 12:29:20,718 [INFO] IPUIPlugin:80 - create IPUIPlugin
2024-12-04 12:29:20,718 [INFO] PluginManager:220 - loadIPPluginJar : add adc
2024-12-04 12:29:20,751 [INFO] IPUIPlugin:80 - create IPUIPlugin
2024-12-04 12:29:20,752 [INFO] PluginManager:220 - loadIPPluginJar : add aes
2024-12-04 12:29:20,787 [INFO] IPUIPlugin:80 - create IPUIPlugin
2024-12-04 12:29:20,788 [INFO] PluginManager:220 - loadIPPluginJar : add can
2024-12-04 12:29:20,808 [INFO] IPUIPlugin:80 - create IPUIPlugin
2024-12-04 12:29:20,808 [INFO] PluginManager:220 - loadIPPluginJar : add comp
2024-12-04 12:29:20,834 [INFO] IPUIPlugin:80 - create IPUIPlugin
2024-12-04 12:29:20,834 [INFO] PluginManager:220 - loadIPPluginJar : add cryp
2024-12-04 12:29:20,845 [INFO] IPUIPlugin:80 - create IPUIPlugin
2024-12-04 12:29:20,845 [INFO] PluginManager:220 - loadIPPluginJar : add ddr_ctrl_phy
2024-12-04 12:29:20,871 [INFO] IPUIPlugin:80 - create IPUIPlugin
2024-12-04 12:29:20,872 [INFO] PluginManager:220 - loadIPPluginJar : add dfsdm
2024-12-04 12:29:20,885 [INFO] IPUIPlugin:80 - create IPUIPlugin
2024-12-04 12:29:20,886 [INFO] PluginManager:220 - loadIPPluginJar : add dma
2024-12-04 12:29:20,924 [INFO] IPUIPlugin:80 - create IPUIPlugin
2024-12-04 12:29:20,924 [INFO] PluginManager:220 - loadIPPluginJar : add dma3
2024-12-04 12:29:20,960 [INFO] IPUIPlugin:80 - create IPUIPlugin
2024-12-04 12:29:20,960 [INFO] PluginManager:220 - loadIPPluginJar : add extmemmanager
2024-12-04 12:29:20,977 [INFO] IPUIPlugin:80 - create IPUIPlugin
2024-12-04 12:29:20,977 [INFO] PluginManager:220 - loadIPPluginJar : add fatfs
2024-12-04 12:29:21,022 [INFO] IPUIPlugin:80 - create IPUIPlugin
2024-12-04 12:29:21,022 [INFO] PluginManager:220 - loadIPPluginJar : add fmc
2024-12-04 12:29:21,037 [INFO] IPUIPlugin:80 - create IPUIPlugin
2024-12-04 12:29:21,038 [INFO] PluginManager:220 - loadIPPluginJar : add freertos
2024-12-04 12:29:21,059 [INFO] IPUIPlugin:80 - create IPUIPlugin
2024-12-04 12:29:21,059 [INFO] PluginManager:220 - loadIPPluginJar : add genericplugin
2024-12-04 12:29:21,135 [INFO] IPUIPlugin:80 - create IPUIPlugin
2024-12-04 12:29:21,135 [INFO] PluginManager:220 - loadIPPluginJar : add gfxmmu
2024-12-04 12:29:21,244 [INFO] IPUIPlugin:80 - create IPUIPlugin
2024-12-04 12:29:21,244 [INFO] PluginManager:220 - loadIPPluginJar : add gic
2024-12-04 12:29:21,258 [INFO] IPUIPlugin:80 - create IPUIPlugin
2024-12-04 12:29:21,258 [INFO] PluginManager:220 - loadIPPluginJar : add gpio
2024-12-04 12:29:21,340 [INFO] IPUIPlugin:80 - create IPUIPlugin
2024-12-04 12:29:21,340 [INFO] PluginManager:220 - loadIPPluginJar : add gtzc
2024-12-04 12:29:21,370 [INFO] IPUIPlugin:80 - create IPUIPlugin
2024-12-04 12:29:21,370 [INFO] PluginManager:220 - loadIPPluginJar : add hash
2024-12-04 12:29:21,415 [INFO] IPUIPlugin:80 - create IPUIPlugin
2024-12-04 12:29:21,415 [INFO] PluginManager:220 - loadIPPluginJar : add i2c
2024-12-04 12:29:21,451 [INFO] IPUIPlugin:80 - create IPUIPlugin
2024-12-04 12:29:21,451 [INFO] PluginManager:220 - loadIPPluginJar : add i2s
2024-12-04 12:29:21,488 [INFO] IPUIPlugin:80 - create IPUIPlugin
2024-12-04 12:29:21,489 [INFO] PluginManager:220 - loadIPPluginJar : add i3c
2024-12-04 12:29:21,582 [INFO] IPUIPlugin:80 - create IPUIPlugin
2024-12-04 12:29:21,582 [INFO] PluginManager:220 - loadIPPluginJar : add ipddr
2024-12-04 12:29:21,660 [INFO] IPUIPlugin:80 - create IPUIPlugin
2024-12-04 12:29:21,660 [INFO] PluginManager:220 - loadIPPluginJar : add linkedlist
2024-12-04 12:29:21,693 [INFO] IPUIPlugin:80 - create IPUIPlugin
2024-12-04 12:29:21,693 [INFO] PluginManager:220 - loadIPPluginJar : add lorawan
2024-12-04 12:29:21,726 [INFO] IPUIPlugin:80 - create IPUIPlugin
2024-12-04 12:29:21,726 [INFO] PluginManager:220 - loadIPPluginJar : add ltdc
2024-12-04 12:29:21,740 [INFO] IPUIPlugin:80 - create IPUIPlugin
2024-12-04 12:29:21,740 [INFO] PluginManager:220 - loadIPPluginJar : add mdma
2024-12-04 12:29:21,753 [INFO] IPUIPlugin:80 - create IPUIPlugin
2024-12-04 12:29:21,753 [INFO] PluginManager:220 - loadIPPluginJar : add nvic
2024-12-04 12:29:21,788 [INFO] IPUIPlugin:80 - create IPUIPlugin
2024-12-04 12:29:21,788 [INFO] PluginManager:220 - loadIPPluginJar : add opamp
2024-12-04 12:29:21,842 [INFO] IPUIPlugin:80 - create IPUIPlugin
2024-12-04 12:29:21,842 [INFO] PluginManager:220 - loadIPPluginJar : add openamp
2024-12-04 12:29:21,880 [INFO] IPUIPlugin:80 - create IPUIPlugin
2024-12-04 12:29:21,880 [INFO] PluginManager:220 - loadIPPluginJar : add pdm2pcm
2024-12-04 12:29:21,895 [INFO] IPUIPlugin:80 - create IPUIPlugin
2024-12-04 12:29:21,896 [INFO] PluginManager:220 - loadIPPluginJar : add plateformsettings
2024-12-04 12:29:21,919 [INFO] IPUIPlugin:80 - create IPUIPlugin
2024-12-04 12:29:21,919 [INFO] PluginManager:220 - loadIPPluginJar : add quadspi
2024-12-04 12:29:21,944 [INFO] IPUIPlugin:80 - create IPUIPlugin
2024-12-04 12:29:21,945 [INFO] PluginManager:220 - loadIPPluginJar : add radio
2024-12-04 12:29:21,959 [INFO] IPUIPlugin:80 - create IPUIPlugin
2024-12-04 12:29:21,959 [INFO] PluginManager:220 - loadIPPluginJar : add resmgrutility
2024-12-04 12:29:22,003 [INFO] IPUIPlugin:80 - create IPUIPlugin
2024-12-04 12:29:22,003 [INFO] PluginManager:220 - loadIPPluginJar : add sai
2024-12-04 12:29:22,036 [INFO] IPUIPlugin:80 - create IPUIPlugin
2024-12-04 12:29:22,036 [INFO] PluginManager:220 - loadIPPluginJar : add spi
2024-12-04 12:29:22,100 [INFO] IPUIPlugin:80 - create IPUIPlugin
2024-12-04 12:29:22,100 [INFO] PluginManager:220 - loadIPPluginJar : add stm32_wpan
2024-12-04 12:29:22,124 [INFO] IPUIPlugin:80 - create IPUIPlugin
2024-12-04 12:29:22,124 [INFO] PluginManager:220 - loadIPPluginJar : add tim
2024-12-04 12:29:22,178 [INFO] IPUIPlugin:80 - create IPUIPlugin
2024-12-04 12:29:22,178 [INFO] PluginManager:220 - loadIPPluginJar : add touchsensing
2024-12-04 12:29:22,201 [INFO] IPUIPlugin:80 - create IPUIPlugin
2024-12-04 12:29:22,201 [INFO] PluginManager:220 - loadIPPluginJar : add tracer_emb
2024-12-04 12:29:22,228 [INFO] IPUIPlugin:80 - create IPUIPlugin
2024-12-04 12:29:22,228 [INFO] PluginManager:220 - loadIPPluginJar : add ts
2024-12-04 12:29:22,252 [INFO] IPUIPlugin:80 - create IPUIPlugin
2024-12-04 12:29:22,252 [INFO] PluginManager:220 - loadIPPluginJar : add tsc
2024-12-04 12:29:22,274 [INFO] IPUIPlugin:80 - create IPUIPlugin
2024-12-04 12:29:22,275 [INFO] PluginManager:220 - loadIPPluginJar : add ucpd
2024-12-04 12:29:22,314 [INFO] IPUIPlugin:80 - create IPUIPlugin
2024-12-04 12:29:22,314 [INFO] PluginManager:220 - loadIPPluginJar : add usart
2024-12-04 12:29:22,353 [INFO] IPUIPlugin:80 - create IPUIPlugin
2024-12-04 12:29:22,353 [INFO] PluginManager:220 - loadIPPluginJar : add usbx
2024-12-04 12:29:22,467 [INFO] CADModel:165 - CPN selected for project level
2024-12-04 12:29:22,467 [INFO] CADModel:114 - Register for checkConnection events
2024-12-04 12:29:22,467 [FATAL] Updater:334 - Updater called before beeing initialized
2024-12-04 12:29:22,467 [ERROR] CADModel:125 - Updater not yet initialized, retry later 
2024-12-04 12:29:22,589 [INFO] CADModel:165 - CPN selected for project level
2024-12-04 12:29:22,589 [INFO] CADModel:114 - Register for checkConnection events
2024-12-04 12:29:22,589 [FATAL] Updater:334 - Updater called before beeing initialized
2024-12-04 12:29:22,589 [ERROR] CADModel:125 - Updater not yet initialized, retry later 
2024-12-04 12:29:22,592 [FATAL] Updater:334 - Updater called before beeing initialized
2024-12-04 12:29:22,665 [FATAL] Updater:334 - Updater called before beeing initialized
2024-12-04 12:29:22,675 [INFO] DbMcusAds:53 - JSON generation date=Fri Sep 20 15:04:23 CEST 2024 (1726837463113)
2024-12-04 12:29:22,675 [FATAL] Updater:334 - Updater called before beeing initialized
2024-12-04 12:29:22,703 [WARN] DetailPanel:346 - Failed to get advertising image, set to default
2024-12-04 12:29:22,777 [FATAL] Updater:334 - Updater called before beeing initialized
2024-12-04 12:29:22,778 [FATAL] Updater:334 - Updater called before beeing initialized
2024-12-04 12:29:22,778 [FATAL] Updater:334 - Updater called before beeing initialized
2024-12-04 12:29:22,778 [WARN] DetailPanel:346 - Failed to get advertising image, set to default
2024-12-04 12:29:22,779 [FATAL] Updater:334 - Updater called before beeing initialized
2024-12-04 12:29:22,825 [ERROR] Updater:1164 - MainUpdater not yet initialized. External WinMGr cannot be set.
2024-12-04 12:29:22,836 [INFO] Updater:1100 - Updater Version found : 6.12.1
2024-12-04 12:29:22,851 [INFO] ApplicationProperties:184 - Using Application install path: C:\ST\STM32CubeIDE_1.16.1\STM32CubeIDE\plugins\com.st.stm32cube.common.mx_6.12.1.202409122256
2024-12-04 12:29:23,309 [INFO] ThirdPartyUpdaterWithRetryManager:70 - Updater plugin not ready yet. [2/15]
2024-12-04 12:29:24,426 [ERROR] LogOutputStream:75 - [STDERR_REDIRECT] Dec 04, 2024 12:29:24 PM java.util.prefs.WindowsPreferences <init>
2024-12-04 12:29:24,427 [ERROR] LogOutputStream:75 - [STDERR_REDIRECT] WARNING: Could not open/create prefs root node Software\JavaSoft\Prefs at root 0xffffffff80000002. Windows RegCreateKeyEx(...) returned error code 5.
2024-12-04 12:29:24,427 [ERROR] LogOutputStream:75 - [STDERR_REDIRECT] 
2024-12-04 12:29:24,751 [INFO] MainUpdater:2873 - connection check result : 10
2024-12-04 12:29:24,751 [INFO] MainUpdater:290 - Updater Check For Update Now.
2024-12-04 12:29:24,751 [INFO] MicroXplorer:498 - Change Database Version : DB.6.0.121
2024-12-04 12:29:24,766 [INFO] McuFinderGlobals:63 - Set McuFinder mode to 2 (CubeIDE integrated)
2024-12-04 12:29:24,773 [INFO] UserAuth:417 - Internet connection configuration mode: 1
2024-12-04 12:29:24,794 [INFO] JxBrowserEngine:152 - Initiate JxBrowser Engine with user profile folder
2024-12-04 12:29:24,960 [INFO] CheckServerUpdateThread:120 - End of CheckServer Thread
2024-12-04 12:29:26,474 [WARN] PackLoader:240 - Cannot read IP mode file for STMicroelectronics.FP-SNS-MOTENVWB1.1.4.0
2024-12-04 12:29:26,492 [WARN] PackLoader:240 - Cannot read IP mode file for STMicroelectronics.FP-ATR-ASTRA1.2.0.1
2024-12-04 12:29:26,509 [WARN] PackLoader:240 - Cannot read IP mode file for STMicroelectronics.X-CUBE-SMBUS.2.1.0
2024-12-04 12:29:26,525 [WARN] PackLoader:240 - Cannot read IP mode file for STMicroelectronics.X-CUBE-WB05N.1.1.0
2024-12-04 12:29:26,561 [WARN] PackLoader:240 - Cannot read IP mode file for STMicroelectronics.X-CUBE-AZRTOS-F7.1.1.0
2024-12-04 12:29:26,627 [WARN] PackLoader:240 - Cannot read IP mode file for STMicroelectronics.X-CUBE-MEMS1.11.0.0
2024-12-04 12:29:26,750 [WARN] PackLoader:240 - Cannot read IP mode file for STMicroelectronics.FP-SNS-FLIGHT1.5.0.2
2024-12-04 12:29:26,773 [WARN] PackLoader:240 - Cannot read IP mode file for STMicroelectronics.X-CUBE-DISPLAY.3.0.0
2024-12-04 12:29:26,797 [WARN] PackLoader:240 - Cannot read IP mode file for STMicroelectronics.X-CUBE-BLE1.7.0.0
2024-12-04 12:29:26,821 [WARN] PackLoader:240 - Cannot read IP mode file for STMicroelectronics.X-CUBE-NFC10.1.0.0
2024-12-04 12:29:26,843 [WARN] PackLoader:240 - Cannot read IP mode file for emotas.I-CUBE-CANOPEN.1.3.0
2024-12-04 12:29:26,861 [WARN] PackLoader:240 - Cannot read IP mode file for STMicroelectronics.X-CUBE-BLEMGR.3.1.0
2024-12-04 12:29:26,887 [WARN] PackLoader:240 - Cannot read IP mode file for STMicroelectronics.FP-SNS-SMARTAG2.1.2.0
2024-12-04 12:29:26,912 [INFO] LogOutputStream:77 - [STDOUT_REDIRECT] 1 : Invalid condition id : UX_CORESTACK_Condition cause : null
2024-12-04 12:29:26,922 [INFO] LogOutputStream:77 - [STDOUT_REDIRECT] 1 : Invalid condition id : UX_CORESTACK_Condition cause : null
2024-12-04 12:29:26,924 [INFO] LogOutputStream:77 - [STDOUT_REDIRECT] 1 : Invalid condition id : UX_CORESTACK_Condition cause : null
2024-12-04 12:29:26,925 [INFO] LogOutputStream:77 - [STDOUT_REDIRECT] 1 : Invalid condition id : UX_CORESTACK_Condition cause : null
2024-12-04 12:29:26,926 [INFO] LogOutputStream:77 - [STDOUT_REDIRECT] 1 : Invalid condition id : UX_CORESTACK_Condition cause : null
2024-12-04 12:29:26,928 [WARN] PackLoader:240 - Cannot read IP mode file for STMicroelectronics.X-CUBE-AZRTOS-WL.2.0.0
2024-12-04 12:29:26,953 [WARN] PackLoader:240 - Cannot read IP mode file for STMicroelectronics.FP-SNS-MOTENV1.5.0.0
2024-12-04 12:29:26,972 [WARN] PackLoader:240 - Cannot read IP mode file for wolfSSL.I-CUBE-wolfMQTT.1.19.0
2024-12-04 12:29:26,994 [WARN] PackLoader:240 - Cannot read IP mode file for WES.I-CUBE-Cesium.1.3.0
2024-12-04 12:29:27,018 [WARN] PackLoader:240 - Cannot read IP mode file for STMicroelectronics.X-CUBE-BLE2.3.3.0
2024-12-04 12:29:27,041 [WARN] PackLoader:240 - Cannot read IP mode file for STMicroelectronics.X-CUBE-NFC9.1.0.0
2024-12-04 12:29:27,061 [WARN] PackLoader:240 - Cannot read IP mode file for STMicroelectronics.X-CUBE-TCPP.4.1.0
2024-12-04 12:29:27,092 [WARN] PackLoader:240 - Cannot read IP mode file for STMicroelectronics.X-CUBE-AZRTOS-G0.1.1.0
2024-12-04 12:29:27,115 [WARN] PackLoader:240 - Cannot read IP mode file for STMicroelectronics.X-CUBE-SAFEA1.1.2.2
2024-12-04 12:29:27,136 [WARN] PackLoader:240 - Cannot read IP mode file for STMicroelectronics.X-CUBE-NFC4.3.0.0
2024-12-04 12:29:27,163 [WARN] PackLoader:240 - Cannot read IP mode file for EmbeddedOffice.I-CUBE-FS-RTOS.1.0.1
2024-12-04 12:29:27,163 [ERROR] ConditionMgr:805 - Attr not supported : Dmpu
2024-12-04 12:29:27,164 [ERROR] ConditionMgr:805 - Attr not supported : Dmpu
2024-12-04 12:29:27,164 [ERROR] ConditionMgr:805 - Attr not supported : Dmpu
2024-12-04 12:29:27,164 [ERROR] ConditionMgr:805 - Attr not supported : Dmpu
2024-12-04 12:29:27,164 [ERROR] ConditionMgr:805 - Attr not supported : Dmpu
2024-12-04 12:29:27,164 [ERROR] ConditionMgr:805 - Attr not supported : Dmpu
2024-12-04 12:29:27,164 [ERROR] ConditionMgr:805 - Attr not supported : Dmpu
2024-12-04 12:29:27,164 [ERROR] ConditionMgr:805 - Attr not supported : Dmpu
2024-12-04 12:29:27,164 [ERROR] ConditionMgr:805 - Attr not supported : Dmpu
2024-12-04 12:29:27,164 [ERROR] ConditionMgr:805 - Attr not supported : Dmpu
2024-12-04 12:29:27,164 [ERROR] ConditionMgr:805 - Attr not supported : Dmpu
2024-12-04 12:29:27,164 [ERROR] ConditionMgr:805 - Attr not supported : Dmpu
2024-12-04 12:29:27,164 [ERROR] ConditionMgr:805 - Attr not supported : Dmpu
2024-12-04 12:29:27,164 [ERROR] ConditionMgr:805 - Attr not supported : Dmpu
2024-12-04 12:29:27,164 [ERROR] ConditionMgr:805 - Attr not supported : Dmpu
2024-12-04 12:29:27,164 [ERROR] ConditionMgr:805 - Attr not supported : Dmpu
2024-12-04 12:29:27,164 [ERROR] ConditionMgr:805 - Attr not supported : Dmpu
2024-12-04 12:29:27,164 [ERROR] ConditionMgr:805 - Attr not supported : Dmpu
2024-12-04 12:29:27,164 [ERROR] ConditionMgr:805 - Attr not supported : Dmpu
2024-12-04 12:29:27,165 [ERROR] ConditionMgr:805 - Attr not supported : Dmpu
2024-12-04 12:29:27,165 [ERROR] ConditionMgr:805 - Attr not supported : Dmpu
2024-12-04 12:29:27,165 [ERROR] ConditionMgr:805 - Attr not supported : Dmpu
2024-12-04 12:29:27,165 [ERROR] ConditionMgr:805 - Attr not supported : Dmpu
2024-12-04 12:29:27,165 [ERROR] ConditionMgr:805 - Attr not supported : Dmpu
2024-12-04 12:29:27,165 [ERROR] ConditionMgr:805 - Attr not supported : Dmpu
2024-12-04 12:29:27,165 [ERROR] ConditionMgr:805 - Attr not supported : Dmpu
2024-12-04 12:29:27,165 [ERROR] ConditionMgr:805 - Attr not supported : Dmpu
2024-12-04 12:29:27,165 [ERROR] ConditionMgr:805 - Attr not supported : Dmpu
2024-12-04 12:29:27,165 [ERROR] ConditionMgr:805 - Attr not supported : Dmpu
2024-12-04 12:29:27,165 [ERROR] ConditionMgr:805 - Attr not supported : Dmpu
2024-12-04 12:29:27,165 [ERROR] ConditionMgr:805 - Attr not supported : Dmpu
2024-12-04 12:29:27,165 [ERROR] ConditionMgr:805 - Attr not supported : Dmpu
2024-12-04 12:29:27,165 [ERROR] ConditionMgr:805 - Attr not supported : Dmpu
2024-12-04 12:29:27,165 [ERROR] ConditionMgr:805 - Attr not supported : Dmpu
2024-12-04 12:29:27,166 [ERROR] ConditionMgr:805 - Attr not supported : Dmpu
2024-12-04 12:29:27,166 [ERROR] ConditionMgr:805 - Attr not supported : Dmpu
2024-12-04 12:29:27,166 [ERROR] ConditionMgr:805 - Attr not supported : Dmpu
2024-12-04 12:29:27,166 [ERROR] ConditionMgr:805 - Attr not supported : Dmpu
2024-12-04 12:29:27,166 [ERROR] ConditionMgr:805 - Attr not supported : Dmpu
2024-12-04 12:29:27,166 [ERROR] ConditionMgr:805 - Attr not supported : Dmpu
2024-12-04 12:29:27,166 [ERROR] ConditionMgr:805 - Attr not supported : Dmpu
2024-12-04 12:29:27,166 [ERROR] ConditionMgr:805 - Attr not supported : Dmpu
2024-12-04 12:29:27,166 [ERROR] ConditionMgr:805 - Attr not supported : Dmpu
2024-12-04 12:29:27,166 [ERROR] ConditionMgr:805 - Attr not supported : Dmpu
2024-12-04 12:29:27,166 [ERROR] ConditionMgr:805 - Attr not supported : Dmpu
2024-12-04 12:29:27,167 [ERROR] ConditionMgr:805 - Attr not supported : Dmpu
2024-12-04 12:29:27,167 [ERROR] ConditionMgr:805 - Attr not supported : Dmpu
2024-12-04 12:29:27,167 [ERROR] ConditionMgr:805 - Attr not supported : Dmpu
2024-12-04 12:29:27,167 [ERROR] ConditionMgr:805 - Attr not supported : Dmpu
2024-12-04 12:29:27,167 [ERROR] ConditionMgr:805 - Attr not supported : Dmpu
2024-12-04 12:29:27,167 [ERROR] ConditionMgr:805 - Attr not supported : Dmpu
2024-12-04 12:29:27,167 [ERROR] ConditionMgr:805 - Attr not supported : Dmpu
2024-12-04 12:29:27,167 [ERROR] ConditionMgr:805 - Attr not supported : Dmpu
2024-12-04 12:29:27,167 [ERROR] ConditionMgr:805 - Attr not supported : Dmpu
2024-12-04 12:29:27,167 [ERROR] ConditionMgr:805 - Attr not supported : Dmpu
2024-12-04 12:29:27,167 [ERROR] ConditionMgr:805 - Attr not supported : Dmpu
2024-12-04 12:29:27,167 [ERROR] ConditionMgr:805 - Attr not supported : Dmpu
2024-12-04 12:29:27,167 [ERROR] ConditionMgr:805 - Attr not supported : Dmpu
2024-12-04 12:29:27,167 [ERROR] ConditionMgr:805 - Attr not supported : Dmpu
2024-12-04 12:29:27,167 [ERROR] ConditionMgr:805 - Attr not supported : Dmpu
2024-12-04 12:29:27,167 [ERROR] ConditionMgr:805 - Attr not supported : Dmpu
2024-12-04 12:29:27,168 [ERROR] ConditionMgr:805 - Attr not supported : Dmpu
2024-12-04 12:29:27,168 [ERROR] ConditionMgr:805 - Attr not supported : Dmpu
2024-12-04 12:29:27,168 [ERROR] ConditionMgr:805 - Attr not supported : Dmpu
2024-12-04 12:29:27,186 [WARN] PackLoader:240 - Cannot read IP mode file for RealThread.X-CUBE-RT-Thread_Nano.4.1.1
2024-12-04 12:29:27,203 [WARN] PackLoader:240 - Cannot read IP mode file for STMicroelectronics.FP-ATR-SIGFOX1.3.2.0
2024-12-04 12:29:27,220 [WARN] ConditionMgr:438 - getConditionDescription Invalid condition id : Cortex-A Device cause : null
2024-12-04 12:29:27,246 [WARN] ConditionMgr:1039 - genDependencies : Invalid condition id : Cortex-A Device cause : null
2024-12-04 12:29:27,246 [WARN] ConditionMgr:1039 - genDependencies : Invalid condition id : Cortex-A Device cause : null
2024-12-04 12:29:27,246 [WARN] ConditionMgr:1039 - genDependencies : Invalid condition id : Cortex-A Device cause : null
2024-12-04 12:29:27,262 [WARN] PackLoader:240 - Cannot read IP mode file for STMicroelectronics.X-CUBE-EEPRMA1.5.1.0
2024-12-04 12:29:27,276 [WARN] PackLoader:240 - Cannot read IP mode file for wolfSSL.I-CUBE-wolfSSL.5.7.4
2024-12-04 12:29:27,293 [WARN] PackLoader:240 - Cannot read IP mode file for ITTIA_DB.I-CUBE-ITTIADB.8.9.0
2024-12-04 12:29:27,327 [WARN] PackLoader:240 - Cannot read IP mode file for SEGGER.I-CUBE-embOS.1.3.1
2024-12-04 12:29:27,373 [WARN] PackLoader:240 - Cannot read IP mode file for STMicroelectronics.X-CUBE-ALGOBUILD.1.4.0
2024-12-04 12:29:27,390 [WARN] PackLoader:240 - Cannot read IP mode file for STMicroelectronics.X-CUBE-AI.9.1.0
2024-12-04 12:29:27,419 [WARN] PackLoader:240 - Cannot read IP mode file for STMicroelectronics.X-CUBE-AZRTOS-F4.1.1.0
2024-12-04 12:29:27,439 [WARN] PackLoader:240 - Cannot read IP mode file for STMicroelectronics.X-CUBE-ISPU.2.1.0
2024-12-04 12:29:27,454 [WARN] PackLoader:240 - Cannot read IP mode file for STMicroelectronics.X-CUBE-FREERTOS.1.2.0
2024-12-04 12:29:27,478 [WARN] PackLoader:240 - Cannot read IP mode file for STMicroelectronics.X-CUBE-AZRTOS-L5.2.0.0
2024-12-04 12:29:27,501 [WARN] PackLoader:240 - Cannot read IP mode file for STMicroelectronics.X-CUBE-NFC6.3.1.0
2024-12-04 12:29:27,518 [WARN] PackLoader:240 - Cannot read IP mode file for STMicroelectronics.X-CUBE-DPower.1.2.0
2024-12-04 12:29:27,533 [WARN] PackLoader:240 - Cannot read IP mode file for STMicroelectronics.X-CUBE-NFC7.1.0.1
2024-12-04 12:29:27,562 [WARN] ConditionMgr:438 - getConditionDescription Invalid condition id : LAN8742 Phy interface Condition cause : null
2024-12-04 12:29:27,563 [WARN] PackLoader:240 - Cannot read IP mode file for STMicroelectronics.X-CUBE-AZRTOS-L4.2.0.0
2024-12-04 12:29:27,564 [WARN] ConditionMgr:1039 - genDependencies : Invalid condition id : LAN8742 Phy interface Condition cause : null
2024-12-04 12:29:27,566 [WARN] ConditionMgr:1039 - genDependencies : Invalid condition id : LAN8742 Phy interface Condition cause : null
2024-12-04 12:29:27,567 [WARN] ConditionMgr:1039 - genDependencies : Invalid condition id : LAN8742 Phy interface Condition cause : null
2024-12-04 12:29:27,584 [WARN] PackLoader:240 - Cannot read IP mode file for STMicroelectronics.X-CUBE-SFXS2LP1.4.0.0
2024-12-04 12:29:27,610 [WARN] PackLoader:240 - Cannot read IP mode file for STMicroelectronics.X-CUBE-AZRTOS-H7.3.3.0
2024-12-04 12:29:27,629 [WARN] PackLoader:240 - Cannot read IP mode file for STMicroelectronics.X-CUBE-IPS.3.0.0
2024-12-04 12:29:27,652 [WARN] ConditionMgr:438 - getConditionDescription Invalid condition id : UX DEVICE CLASS RTOS Condition cause : null
2024-12-04 12:29:27,652 [WARN] ConditionMgr:438 - getConditionDescription Invalid condition id : UX DEVICE CLASS RTOS Condition cause : null
2024-12-04 12:29:27,653 [WARN] PackLoader:240 - Cannot read IP mode file for STMicroelectronics.X-CUBE-AZRTOS-WB.2.0.0
2024-12-04 12:29:27,653 [WARN] ConditionMgr:1039 - genDependencies : Invalid condition id : UX DEVICE CLASS RTOS Condition cause : null
2024-12-04 12:29:27,653 [WARN] ConditionMgr:1039 - genDependencies : Invalid condition id : UX DEVICE CLASS RTOS Condition cause : null
2024-12-04 12:29:27,654 [WARN] ConditionMgr:1039 - genDependencies : Invalid condition id : UX DEVICE CLASS RTOS Condition cause : null
2024-12-04 12:29:27,654 [WARN] ConditionMgr:1039 - genDependencies : Invalid condition id : UX DEVICE CLASS RTOS Condition cause : null
2024-12-04 12:29:27,654 [WARN] ConditionMgr:1039 - genDependencies : Invalid condition id : UX DEVICE CLASS RTOS Condition cause : null
2024-12-04 12:29:27,670 [WARN] PackLoader:240 - Cannot read IP mode file for STMicroelectronics.X-CUBE-GNSS1.7.0.0
2024-12-04 12:29:27,688 [WARN] PackLoader:240 - Cannot read IP mode file for STMicroelectronics.FP-SNS-STBOX1.2.0.0
2024-12-04 12:29:27,710 [WARN] PackLoader:240 - Cannot read IP mode file for STMicroelectronics.X-CUBE-SUBG2.5.0.0
2024-12-04 12:29:27,728 [WARN] PackLoader:240 - Cannot read IP mode file for Cesanta.I-CUBE-Mongoose.7.13.0
2024-12-04 12:29:27,747 [WARN] PackLoader:240 - Cannot read IP mode file for STMicroelectronics.X-CUBE-AZRTOS-G4.2.0.0
2024-12-04 12:29:27,760 [WARN] PackLoader:240 - Cannot read IP mode file for STMicroelectronics.X-CUBE-ALS.1.0.2
2024-12-04 12:29:27,772 [WARN] PackLoader:240 - Cannot read IP mode file for STMicroelectronics.X-CUBE-TOUCHGFX.4.24.1
2024-12-04 12:29:27,784 [WARN] PackLoader:240 - Cannot read IP mode file for wolfSSL.I-CUBE-wolfTPM.3.4.0
2024-12-04 12:29:27,797 [WARN] PackLoader:240 - Cannot read IP mode file for portGmbH.I-Cube-SoM-uGOAL.1.1.0
2024-12-04 12:29:27,822 [WARN] PackLoader:240 - Cannot read IP mode file for STMicroelectronics.X-CUBE-AZRTOS-H7RS.1.0.0
2024-12-04 12:29:27,839 [WARN] PackLoader:240 - Cannot read IP mode file for STMicroelectronics.X-CUBE-TOF1.3.4.2
2024-12-04 12:29:27,869 [WARN] PackLoader:240 - Cannot read IP mode file for Infineon.AIROC-Wi-Fi-Bluetooth-STM32.1.6.1
2024-12-04 12:29:27,882 [WARN] PackLoader:240 - Cannot read IP mode file for wolfSSL.I-CUBE-wolfSSH.1.4.17
2024-12-04 12:29:27,882 [INFO] ThirdParty:978 - Integrity check success = true
2024-12-04 12:29:27,882 [INFO] IntegrityCheckThread:100 - exiting critical section [integrity check]
2024-12-04 12:29:27,882 [INFO] IntegrityCheckThread:103 - End integrity checks thread
2024-12-04 12:29:30,003 [INFO] WebApp:167 - Instantiating new browser for Auth
2024-12-04 12:29:30,522 [INFO] WebApp:448 - Apply proxy settings
2024-12-04 12:29:30,522 [INFO] WebApp:533 - Chromium requires no authentication
2024-12-04 12:29:30,530 [INFO] WebApp:476 - Direct internet connection detected
2024-12-04 12:29:30,551 [INFO] WebApp:869 - Register for checkConnection events
2024-12-04 12:29:30,551 [INFO] WebApp:448 - Apply proxy settings
2024-12-04 12:29:30,551 [INFO] WebApp:533 - Chromium requires no authentication
2024-12-04 12:29:30,551 [INFO] WebApp:476 - Direct internet connection detected
2024-12-04 12:29:30,688 [INFO] WebApp:220 - Starting web application
2024-12-04 12:29:30,688 [INFO] WebApp:578 - Web application path used C:\ST\STM32CubeIDE_1.16.1\STM32CubeIDE\plugins\com.st.stm32cube.common.mx_6.12.1.202409122256\db\plugins\mcufinder\reactClient1\index.html
2024-12-04 12:29:30,815 [INFO] UserAuth:417 - Internet connection configuration mode: 1
2024-12-04 12:29:30,833 [INFO] WebApp:186 - Connection restablished
2024-12-04 14:55:53,631 [ERROR] LogOutputStream:75 - [STDERR_REDIRECT] 
2024-12-04 14:55:53,631 [ERROR] LogOutputStream:75 - [STDERR_REDIRECT] 
