2024-12-07 11:52:23,766 [INFO] Activator:176 - 


2024-12-07 11:52:23,774 [INFO] Activator:177 - !SESSION log4j initialized
2024-12-07 11:52:32,077 [INFO] LogOutputStream:77 - [STDOUT_REDIRECT] 
2024-12-07 11:52:39,124 [INFO] ApplicationProperties:184 - Using Application install path: C:\ST\STM32CubeIDE_1.16.1\STM32CubeIDE\plugins\com.st.stm32cube.common.mx_6.12.1.202409122256
2024-12-07 11:52:39,157 [INFO] DbMcusXml:78 - Set database path to: C:\ST\STM32CubeIDE_1.16.1\STM32CubeIDE\plugins\com.st.stm32cube.common.mx_6.12.1.202409122256\\db\/mcu/
2024-12-07 11:52:39,157 [INFO] ApiDb:274 - Set plugin database path to: C:\ST\STM32CubeIDE_1.16.1\STM32CubeIDE\plugins\com.st.stm32cube.common.mx_6.12.1.202409122256\\db\/plugins/boardmanager/
2024-12-07 11:52:39,158 [WARN] ApiDb:259 - Overriding images path with different value:  => C:\ST\STM32CubeIDE_1.16.1\STM32CubeIDE\plugins\com.st.stm32cube.common.mx_6.12.1.202409122256\\db\/plugins/mcufinder/images/
2024-12-07 11:52:39,177 [INFO] ApiDb:250 - Set database path to: C:\Users\frado\.stmcufinder\plugins\mcufinder//mcu/
2024-12-07 11:52:39,179 [INFO] DbMcusAds:125 - Set database path to: C:\Users\frado\.stmcufinder\plugins\mcufinder//mcu/
2024-12-07 11:52:39,183 [INFO] CrossReferenceDbSqlite:203 - Set database path to: C:\Users\frado\.stmcufinder\plugins\mcufinder//mcu/cs/
2024-12-07 11:52:39,423 [INFO] RulesReader:64 - Compatibility file has been processed (297 Rules)
2024-12-07 11:52:39,601 [INFO] DbMcusXml:78 - Set database path to: C:\ST\STM32CubeIDE_1.16.1\STM32CubeIDE\plugins\com.st.stm32cube.common.mx_6.12.1.202409122256\\db\/mcu/
2024-12-07 11:52:39,602 [INFO] ApiDb:274 - Set plugin database path to: C:\ST\STM32CubeIDE_1.16.1\STM32CubeIDE\plugins\com.st.stm32cube.common.mx_6.12.1.202409122256\\db\/plugins/boardmanager/
2024-12-07 11:52:39,602 [INFO] ApiDb:261 - Set plugin images path to: C:\ST\STM32CubeIDE_1.16.1\STM32CubeIDE\plugins\com.st.stm32cube.common.mx_6.12.1.202409122256\\db\/plugins/mcufinder/images/
2024-12-07 11:52:39,603 [WARN] DbFile:41 - Overriding database path with different value: C:\Users\frado\.stmcufinder\plugins\mcufinder/ => C:\Users\frado\.stmcufinder\plugins\mcufinder
2024-12-07 11:52:39,603 [INFO] ApiDb:250 - Set database path to: C:\Users\frado\.stmcufinder\plugins\mcufinder//mcu/
2024-12-07 11:52:39,603 [WARN] DbFile:41 - Overriding database path with different value: C:\Users\frado\.stmcufinder\plugins\mcufinder/ => C:\Users\frado\.stmcufinder\plugins\mcufinder
2024-12-07 11:52:39,603 [INFO] DbMcusAds:125 - Set database path to: C:\Users\frado\.stmcufinder\plugins\mcufinder//mcu/
2024-12-07 11:52:39,604 [WARN] DbFile:41 - Overriding database path with different value: C:\Users\frado\.stmcufinder\plugins\mcufinder/ => C:\Users\frado\.stmcufinder\plugins\mcufinder
2024-12-07 11:52:39,604 [WARN] DbFile:41 - Overriding database path with different value: C:\Users\frado\.stmcufinder\plugins\mcufinder/ => C:\Users\frado\.stmcufinder\plugins\mcufinder
2024-12-07 11:52:39,604 [INFO] CrossReferenceDbSqlite:203 - Set database path to: C:\Users\frado\.stmcufinder\plugins\mcufinder//mcu/cs/
2024-12-07 11:52:39,763 [INFO] MainPanel:268 - HeapMemory: 268435456
2024-12-07 11:52:39,974 [INFO] DbMcusXml:78 - Set database path to: C:\ST\STM32CubeIDE_1.16.1\STM32CubeIDE\plugins\com.st.stm32cube.common.mx_6.12.1.202409122256\\db\/mcu/
2024-12-07 11:52:39,974 [INFO] ApiDb:274 - Set plugin database path to: C:\ST\STM32CubeIDE_1.16.1\STM32CubeIDE\plugins\com.st.stm32cube.common.mx_6.12.1.202409122256\\db\/plugins/boardmanager/
2024-12-07 11:52:39,974 [INFO] ApiDb:261 - Set plugin images path to: C:\ST\STM32CubeIDE_1.16.1\STM32CubeIDE\plugins\com.st.stm32cube.common.mx_6.12.1.202409122256\\db\/plugins/mcufinder/images/
2024-12-07 11:52:39,975 [WARN] DbFile:41 - Overriding database path with different value: C:\Users\frado\.stmcufinder\plugins\mcufinder/ => C:\Users\frado\.stmcufinder\plugins\mcufinder
2024-12-07 11:52:39,975 [INFO] ApiDb:250 - Set database path to: C:\Users\frado\.stmcufinder\plugins\mcufinder//mcu/
2024-12-07 11:52:39,975 [WARN] DbFile:41 - Overriding database path with different value: C:\Users\frado\.stmcufinder\plugins\mcufinder/ => C:\Users\frado\.stmcufinder\plugins\mcufinder
2024-12-07 11:52:39,976 [INFO] DbMcusAds:125 - Set database path to: C:\Users\frado\.stmcufinder\plugins\mcufinder//mcu/
2024-12-07 11:52:39,976 [WARN] DbFile:41 - Overriding database path with different value: C:\Users\frado\.stmcufinder\plugins\mcufinder/ => C:\Users\frado\.stmcufinder\plugins\mcufinder
2024-12-07 11:52:39,976 [WARN] DbFile:41 - Overriding database path with different value: C:\Users\frado\.stmcufinder\plugins\mcufinder/ => C:\Users\frado\.stmcufinder\plugins\mcufinder
2024-12-07 11:52:39,976 [INFO] CrossReferenceDbSqlite:203 - Set database path to: C:\Users\frado\.stmcufinder\plugins\mcufinder//mcu/cs/
2024-12-07 11:52:40,032 [INFO] ApplicationProperties:184 - Using Application install path: C:\ST\STM32CubeIDE_1.16.1\STM32CubeIDE\plugins\com.st.stm32cube.common.mx_6.12.1.202409122256
2024-12-07 11:52:40,042 [INFO] PluginManage:196 - Search for loadable plugins [exclusion list=, ]
2024-12-07 11:52:40,044 [INFO] PluginManage:310 - Check plugin analytics
2024-12-07 11:52:40,386 [INFO] AnalyticsPlugin:253 - Accepted Software Licenses: STM32CubeMX.6.12.1
2024-12-07 11:52:40,386 [INFO] AnalyticsPlugin:255 - Accepted CMSIS Pack Licenses: 
2024-12-07 11:52:40,386 [INFO] AnalyticsPlugin:257 - Accepted Firmware Licenses: FW.F4.1.28.0,FW.L4.1.18.0,FW.H7.1.11.0
2024-12-07 11:52:40,390 [INFO] PluginManage:359 - Loaded plugin analytics (category:tool,tabindex:-1)
2024-12-07 11:52:40,390 [INFO] PluginManage:310 - Check plugin cadmodel
2024-12-07 11:52:40,424 [INFO] CADModel:105 - Init CAD model plugin
2024-12-07 11:52:40,424 [INFO] PluginManage:359 - Loaded plugin cadmodel (category:power,tabindex:5)
2024-12-07 11:52:40,425 [INFO] PluginManage:310 - Check plugin clock
2024-12-07 11:52:40,466 [INFO] PluginManage:359 - Loaded plugin clock (category:base,tabindex:2)
2024-12-07 11:52:40,466 [INFO] PluginManage:310 - Check plugin ddr
2024-12-07 11:52:40,473 [INFO] PluginManage:359 - Loaded plugin ddr (category:tool,tabindex:6)
2024-12-07 11:52:40,474 [INFO] PluginManage:310 - Check plugin filemanager
2024-12-07 11:52:40,768 [INFO] PluginManage:359 - Loaded plugin filemanager (category:base,tabindex:10)
2024-12-07 11:52:40,768 [INFO] PluginManage:310 - Check plugin ipmanager
2024-12-07 11:52:40,783 [INFO] PluginManage:359 - Loaded plugin ipmanager (category:base,tabindex:5)
2024-12-07 11:52:40,783 [INFO] PluginManage:310 - Check plugin lpbam
2024-12-07 11:52:40,821 [INFO] PluginManage:359 - Loaded plugin lpbam (category:base,tabindex:0)
2024-12-07 11:52:40,821 [INFO] PluginManage:310 - Check plugin memorymap
2024-12-07 11:52:40,866 [INFO] PluginManage:359 - Loaded plugin memorymap (category:base,tabindex:4)
2024-12-07 11:52:40,866 [INFO] PluginManage:310 - Check plugin pinoutandconfiguration
2024-12-07 11:52:40,895 [INFO] PluginManage:359 - Loaded plugin pinoutandconfiguration (category:base,tabindex:1)
2024-12-07 11:52:40,895 [INFO] PluginManage:310 - Check plugin pinoutconfig
2024-12-07 11:52:41,036 [WARN] SupportedApi:132 - Cannot load RTOS API schema: s4s-elt-must-match.1: The content of 'definitions' must match (annotation?, (simpleType | complexType)?, (unique | key | keyref)*)). A problem was found starting at: attribute.
2024-12-07 11:52:41,268 [INFO] PluginManage:359 - Loaded plugin pinoutconfig (category:base,tabindex:0)
2024-12-07 11:52:41,268 [INFO] PluginManage:310 - Check plugin power
2024-12-07 11:52:41,303 [INFO] PluginManage:359 - Loaded plugin power (category:power,tabindex:4)
2024-12-07 11:52:41,303 [INFO] PluginManage:310 - Check plugin projectmanager
2024-12-07 11:52:41,325 [INFO] PluginManage:359 - Loaded plugin projectmanager (category:projectmanager,tabindex:4)
2024-12-07 11:52:41,326 [INFO] PluginManage:310 - Check plugin rif
2024-12-07 11:52:41,352 [INFO] PluginManage:359 - Loaded plugin rif (category:base,tabindex:3)
2024-12-07 11:52:41,352 [INFO] PluginManage:310 - Check plugin thirdparty
2024-12-07 11:52:41,791 [INFO] PluginManage:359 - Loaded plugin thirdparty (category:base,tabindex:-1)
2024-12-07 11:52:41,791 [WARN] IntegrityCheckThread:84 - waiting for thirdparty lock release [integrity check]
2024-12-07 11:52:41,792 [INFO] IntegrityCheckThread:86 - entering critical section [integrity check]
2024-12-07 11:52:41,792 [INFO] PluginManage:310 - Check plugin tools
2024-12-07 11:52:41,792 [INFO] ThirdPartyUpdaterWithRetryManager:70 - Updater plugin not ready yet. [1/15]
2024-12-07 11:52:41,857 [INFO] PluginManage:359 - Loaded plugin tools (category:base,tabindex:7)
2024-12-07 11:52:41,857 [INFO] PluginManage:310 - Check plugin tutovideos
2024-12-07 11:52:42,164 [INFO] PluginManage:359 - Loaded plugin tutovideos (category:base,tabindex:-1)
2024-12-07 11:52:42,164 [INFO] PluginManage:310 - Check plugin updater
2024-12-07 11:52:42,189 [INFO] PluginManage:359 - Loaded plugin updater (category:base,tabindex:12)
2024-12-07 11:52:42,190 [INFO] PluginManage:310 - Check plugin userauth
2024-12-07 11:52:42,197 [INFO] UserAuth:113 - Init User Auth plugin
2024-12-07 11:52:42,197 [INFO] PluginManage:359 - Loaded plugin userauth (category:base,tabindex:14)
2024-12-07 11:52:42,198 [INFO] PluginManage:283 - PluginManage : Loaded plugins [18]
2024-12-07 11:52:42,490 [INFO] PinOutPanel:1561 - setPackage(No Configuration,No Configuration)
2024-12-07 11:52:42,607 [INFO] CADModel:165 - CPN selected for project level
2024-12-07 11:52:42,607 [INFO] CADModel:114 - Register for checkConnection events
2024-12-07 11:52:42,644 [INFO] IPUIPlugin:80 - create IPUIPlugin
2024-12-07 11:52:42,644 [INFO] PluginManager:220 - loadIPPluginJar : add adc
2024-12-07 11:52:42,712 [INFO] IPUIPlugin:80 - create IPUIPlugin
2024-12-07 11:52:42,712 [INFO] PluginManager:220 - loadIPPluginJar : add aes
2024-12-07 11:52:42,788 [INFO] IPUIPlugin:80 - create IPUIPlugin
2024-12-07 11:52:42,788 [INFO] PluginManager:220 - loadIPPluginJar : add can
2024-12-07 11:52:42,834 [INFO] IPUIPlugin:80 - create IPUIPlugin
2024-12-07 11:52:42,834 [INFO] PluginManager:220 - loadIPPluginJar : add comp
2024-12-07 11:52:42,893 [INFO] IPUIPlugin:80 - create IPUIPlugin
2024-12-07 11:52:42,893 [INFO] PluginManager:220 - loadIPPluginJar : add cryp
2024-12-07 11:52:42,915 [INFO] IPUIPlugin:80 - create IPUIPlugin
2024-12-07 11:52:42,915 [INFO] PluginManager:220 - loadIPPluginJar : add ddr_ctrl_phy
2024-12-07 11:52:42,969 [INFO] IPUIPlugin:80 - create IPUIPlugin
2024-12-07 11:52:42,969 [INFO] PluginManager:220 - loadIPPluginJar : add dfsdm
2024-12-07 11:52:42,993 [INFO] IPUIPlugin:80 - create IPUIPlugin
2024-12-07 11:52:42,994 [INFO] PluginManager:220 - loadIPPluginJar : add dma
2024-12-07 11:52:43,076 [INFO] IPUIPlugin:80 - create IPUIPlugin
2024-12-07 11:52:43,076 [INFO] PluginManager:220 - loadIPPluginJar : add dma3
2024-12-07 11:52:43,163 [INFO] IPUIPlugin:80 - create IPUIPlugin
2024-12-07 11:52:43,163 [INFO] PluginManager:220 - loadIPPluginJar : add extmemmanager
2024-12-07 11:52:43,167 [INFO] IPUIPlugin:80 - create IPUIPlugin
2024-12-07 11:52:43,168 [INFO] PluginManager:220 - loadIPPluginJar : add fatfs
2024-12-07 11:52:43,255 [INFO] IPUIPlugin:80 - create IPUIPlugin
2024-12-07 11:52:43,256 [INFO] PluginManager:220 - loadIPPluginJar : add fmc
2024-12-07 11:52:43,281 [INFO] IPUIPlugin:80 - create IPUIPlugin
2024-12-07 11:52:43,282 [INFO] PluginManager:220 - loadIPPluginJar : add freertos
2024-12-07 11:52:43,320 [INFO] IPUIPlugin:80 - create IPUIPlugin
2024-12-07 11:52:43,320 [INFO] PluginManager:220 - loadIPPluginJar : add genericplugin
2024-12-07 11:52:43,484 [INFO] IPUIPlugin:80 - create IPUIPlugin
2024-12-07 11:52:43,485 [INFO] PluginManager:220 - loadIPPluginJar : add gfxmmu
2024-12-07 11:52:43,731 [INFO] IPUIPlugin:80 - create IPUIPlugin
2024-12-07 11:52:43,732 [INFO] PluginManager:220 - loadIPPluginJar : add gic
2024-12-07 11:52:43,753 [INFO] IPUIPlugin:80 - create IPUIPlugin
2024-12-07 11:52:43,753 [INFO] PluginManager:220 - loadIPPluginJar : add gpio
2024-12-07 11:52:43,943 [INFO] IPUIPlugin:80 - create IPUIPlugin
2024-12-07 11:52:43,943 [INFO] PluginManager:220 - loadIPPluginJar : add gtzc
2024-12-07 11:52:44,006 [INFO] IPUIPlugin:80 - create IPUIPlugin
2024-12-07 11:52:44,006 [INFO] PluginManager:220 - loadIPPluginJar : add hash
2024-12-07 11:52:44,112 [INFO] IPUIPlugin:80 - create IPUIPlugin
2024-12-07 11:52:44,112 [INFO] PluginManager:220 - loadIPPluginJar : add i2c
2024-12-07 11:52:44,193 [INFO] IPUIPlugin:80 - create IPUIPlugin
2024-12-07 11:52:44,193 [INFO] PluginManager:220 - loadIPPluginJar : add i2s
2024-12-07 11:52:44,277 [INFO] IPUIPlugin:80 - create IPUIPlugin
2024-12-07 11:52:44,277 [INFO] PluginManager:220 - loadIPPluginJar : add i3c
2024-12-07 11:52:44,484 [INFO] IPUIPlugin:80 - create IPUIPlugin
2024-12-07 11:52:44,484 [INFO] PluginManager:220 - loadIPPluginJar : add ipddr
2024-12-07 11:52:44,666 [INFO] IPUIPlugin:80 - create IPUIPlugin
2024-12-07 11:52:44,666 [INFO] PluginManager:220 - loadIPPluginJar : add linkedlist
2024-12-07 11:52:44,671 [INFO] IPUIPlugin:80 - create IPUIPlugin
2024-12-07 11:52:44,671 [INFO] PluginManager:220 - loadIPPluginJar : add lorawan
2024-12-07 11:52:44,745 [INFO] IPUIPlugin:80 - create IPUIPlugin
2024-12-07 11:52:44,745 [INFO] PluginManager:220 - loadIPPluginJar : add ltdc
2024-12-07 11:52:44,769 [INFO] IPUIPlugin:80 - create IPUIPlugin
2024-12-07 11:52:44,770 [INFO] PluginManager:220 - loadIPPluginJar : add mdma
2024-12-07 11:52:44,791 [INFO] IPUIPlugin:80 - create IPUIPlugin
2024-12-07 11:52:44,792 [INFO] PluginManager:220 - loadIPPluginJar : add nvic
2024-12-07 11:52:44,795 [INFO] ThirdPartyUpdaterWithRetryManager:70 - Updater plugin not ready yet. [2/15]
2024-12-07 11:52:44,866 [INFO] IPUIPlugin:80 - create IPUIPlugin
2024-12-07 11:52:44,866 [INFO] PluginManager:220 - loadIPPluginJar : add opamp
2024-12-07 11:52:44,993 [INFO] IPUIPlugin:80 - create IPUIPlugin
2024-12-07 11:52:44,993 [INFO] PluginManager:220 - loadIPPluginJar : add openamp
2024-12-07 11:52:45,083 [INFO] IPUIPlugin:80 - create IPUIPlugin
2024-12-07 11:52:45,084 [INFO] PluginManager:220 - loadIPPluginJar : add pdm2pcm
2024-12-07 11:52:45,111 [INFO] IPUIPlugin:80 - create IPUIPlugin
2024-12-07 11:52:45,115 [INFO] PluginManager:220 - loadIPPluginJar : add plateformsettings
2024-12-07 11:52:45,119 [INFO] IPUIPlugin:80 - create IPUIPlugin
2024-12-07 11:52:45,119 [INFO] PluginManager:220 - loadIPPluginJar : add quadspi
2024-12-07 11:52:45,174 [INFO] IPUIPlugin:80 - create IPUIPlugin
2024-12-07 11:52:45,176 [INFO] PluginManager:220 - loadIPPluginJar : add radio
2024-12-07 11:52:45,199 [INFO] IPUIPlugin:80 - create IPUIPlugin
2024-12-07 11:52:45,200 [INFO] PluginManager:220 - loadIPPluginJar : add resmgrutility
2024-12-07 11:52:45,294 [INFO] IPUIPlugin:80 - create IPUIPlugin
2024-12-07 11:52:45,294 [INFO] PluginManager:220 - loadIPPluginJar : add sai
2024-12-07 11:52:45,368 [INFO] IPUIPlugin:80 - create IPUIPlugin
2024-12-07 11:52:45,368 [INFO] PluginManager:220 - loadIPPluginJar : add spi
2024-12-07 11:52:45,516 [INFO] IPUIPlugin:80 - create IPUIPlugin
2024-12-07 11:52:45,516 [INFO] PluginManager:220 - loadIPPluginJar : add stm32_wpan
2024-12-07 11:52:45,565 [INFO] IPUIPlugin:80 - create IPUIPlugin
2024-12-07 11:52:45,566 [INFO] PluginManager:220 - loadIPPluginJar : add tim
2024-12-07 11:52:45,683 [INFO] IPUIPlugin:80 - create IPUIPlugin
2024-12-07 11:52:45,684 [INFO] PluginManager:220 - loadIPPluginJar : add touchsensing
2024-12-07 11:52:45,688 [INFO] IPUIPlugin:80 - create IPUIPlugin
2024-12-07 11:52:45,688 [INFO] PluginManager:220 - loadIPPluginJar : add tracer_emb
2024-12-07 11:52:45,734 [INFO] IPUIPlugin:80 - create IPUIPlugin
2024-12-07 11:52:45,735 [INFO] PluginManager:220 - loadIPPluginJar : add ts
2024-12-07 11:52:45,777 [INFO] IPUIPlugin:80 - create IPUIPlugin
2024-12-07 11:52:45,778 [INFO] PluginManager:220 - loadIPPluginJar : add tsc
2024-12-07 11:52:45,820 [INFO] IPUIPlugin:80 - create IPUIPlugin
2024-12-07 11:52:45,820 [INFO] PluginManager:220 - loadIPPluginJar : add ucpd
2024-12-07 11:52:45,902 [INFO] IPUIPlugin:80 - create IPUIPlugin
2024-12-07 11:52:45,902 [INFO] PluginManager:220 - loadIPPluginJar : add usart
2024-12-07 11:52:45,982 [INFO] IPUIPlugin:80 - create IPUIPlugin
2024-12-07 11:52:45,982 [INFO] PluginManager:220 - loadIPPluginJar : add usbx
2024-12-07 11:52:46,128 [INFO] CADModel:165 - CPN selected for project level
2024-12-07 11:52:46,128 [INFO] CADModel:114 - Register for checkConnection events
2024-12-07 11:52:46,129 [FATAL] Updater:334 - Updater called before beeing initialized
2024-12-07 11:52:46,129 [ERROR] CADModel:125 - Updater not yet initialized, retry later 
2024-12-07 11:52:46,314 [INFO] CADModel:165 - CPN selected for project level
2024-12-07 11:52:46,314 [INFO] CADModel:114 - Register for checkConnection events
2024-12-07 11:52:46,314 [FATAL] Updater:334 - Updater called before beeing initialized
2024-12-07 11:52:46,314 [ERROR] CADModel:125 - Updater not yet initialized, retry later 
2024-12-07 11:52:46,317 [FATAL] Updater:334 - Updater called before beeing initialized
2024-12-07 11:52:46,448 [FATAL] Updater:334 - Updater called before beeing initialized
2024-12-07 11:52:46,464 [INFO] DbMcusAds:53 - JSON generation date=Fri Sep 20 15:04:23 CEST 2024 (1726837463113)
2024-12-07 11:52:46,464 [FATAL] Updater:334 - Updater called before beeing initialized
2024-12-07 11:52:46,519 [WARN] DetailPanel:346 - Failed to get advertising image, set to default
2024-12-07 11:52:46,662 [FATAL] Updater:334 - Updater called before beeing initialized
2024-12-07 11:52:46,664 [FATAL] Updater:334 - Updater called before beeing initialized
2024-12-07 11:52:46,664 [FATAL] Updater:334 - Updater called before beeing initialized
2024-12-07 11:52:46,665 [WARN] DetailPanel:346 - Failed to get advertising image, set to default
2024-12-07 11:52:46,666 [FATAL] Updater:334 - Updater called before beeing initialized
2024-12-07 11:52:46,747 [ERROR] Updater:1164 - MainUpdater not yet initialized. External WinMGr cannot be set.
2024-12-07 11:52:46,751 [INFO] Updater:1100 - Updater Version found : 6.12.1
2024-12-07 11:52:46,773 [INFO] ApplicationProperties:184 - Using Application install path: C:\ST\STM32CubeIDE_1.16.1\STM32CubeIDE\plugins\com.st.stm32cube.common.mx_6.12.1.202409122256
2024-12-07 11:52:47,800 [INFO] ThirdPartyUpdaterWithRetryManager:70 - Updater plugin not ready yet. [3/15]
2024-12-07 11:52:48,362 [ERROR] LogOutputStream:75 - [STDERR_REDIRECT] Dec 07, 2024 11:52:48 AM java.util.prefs.WindowsPreferences <init>
2024-12-07 11:52:48,364 [ERROR] LogOutputStream:75 - [STDERR_REDIRECT] WARNING: Could not open/create prefs root node Software\JavaSoft\Prefs at root 0xffffffff80000002. Windows RegCreateKeyEx(...) returned error code 5.
2024-12-07 11:52:48,364 [ERROR] LogOutputStream:75 - [STDERR_REDIRECT] 
2024-12-07 11:52:48,763 [INFO] MainUpdater:2873 - connection check result : 10
2024-12-07 11:52:48,764 [INFO] MainUpdater:3567 - Updater definition file requires update
2024-12-07 11:52:48,765 [INFO] MainUpdater:290 - Updater Check For Update Now.
2024-12-07 11:52:48,765 [INFO] MicroXplorer:498 - Change Database Version : DB.6.0.121
2024-12-07 11:52:48,792 [INFO] McuFinderGlobals:63 - Set McuFinder mode to 2 (CubeIDE integrated)
2024-12-07 11:52:48,803 [INFO] UserAuth:417 - Internet connection configuration mode: 1
2024-12-07 11:52:48,836 [INFO] JxBrowserEngine:152 - Initiate JxBrowser Engine with user profile folder
2024-12-07 11:52:48,921 [INFO] ServerAccessManage:473 - Download File updaters.zip
2024-12-07 11:52:49,008 [INFO] FileExtend:240 - Unzip File : updaters.zip
2024-12-07 11:52:49,008 [INFO] FileExtend:255 - Standard Zip Deflate
2024-12-07 11:52:49,758 [INFO] ServerAccessManage:473 - Download File PacksControlFlags.xml
2024-12-07 11:52:49,904 [INFO] ServerAccessManage:473 - Download File cubemx.pidx
2024-12-07 11:52:50,761 [INFO] ServerAccessManage:473 - Download File STMicroelectronics.X-CUBE-BLEMGR.pdsc
2024-12-07 11:52:50,802 [WARN] MainUpdater:1194 - Updater busy. Cannot search thirdparties
2024-12-07 11:52:50,803 [INFO] ThirdPartyUpdaterWithRetryManager:96 - Updater plugin is busy. [1/15]
2024-12-07 11:52:50,933 [ERROR] ServerAccessManage:1089 - Problem, file not found on Server
2024-12-07 11:52:53,296 [WARN] PackLoader:240 - Cannot read IP mode file for STMicroelectronics.X-CUBE-BLEMGR.4.0.0
2024-12-07 11:52:53,310 [INFO] PopulateThirdPartyThread:66 - Ending populate Thread
2024-12-07 11:52:53,312 [INFO] ThirdParty:1030 - CMSIS Pack Vendor :STMicroelectronics X-CUBE-BLEMGR 4.0.0
2024-12-07 11:52:53,313 [INFO] LoadServerUpdatesThread:375 - End of LoadServerUpdate Thread
2024-12-07 11:52:53,531 [INFO] CheckServerUpdateThread:120 - End of CheckServer Thread
2024-12-07 11:52:54,058 [WARN] PackLoader:240 - Cannot read IP mode file for STMicroelectronics.FP-SNS-MOTENVWB1.1.4.0
2024-12-07 11:52:54,068 [WARN] PackLoader:240 - Cannot read IP mode file for STMicroelectronics.FP-ATR-ASTRA1.2.0.1
2024-12-07 11:52:54,093 [WARN] PackLoader:240 - Cannot read IP mode file for STMicroelectronics.X-CUBE-SMBUS.2.1.0
2024-12-07 11:52:54,121 [WARN] PackLoader:240 - Cannot read IP mode file for STMicroelectronics.X-CUBE-WB05N.1.1.0
2024-12-07 11:52:54,179 [WARN] PackLoader:240 - Cannot read IP mode file for STMicroelectronics.X-CUBE-AZRTOS-F7.1.1.0
2024-12-07 11:52:54,282 [WARN] PackLoader:240 - Cannot read IP mode file for STMicroelectronics.X-CUBE-MEMS1.11.0.0
2024-12-07 11:52:54,483 [WARN] PackLoader:240 - Cannot read IP mode file for STMicroelectronics.FP-SNS-FLIGHT1.5.0.2
2024-12-07 11:52:54,510 [WARN] PackLoader:240 - Cannot read IP mode file for STMicroelectronics.X-CUBE-DISPLAY.3.0.0
2024-12-07 11:52:54,538 [WARN] PackLoader:240 - Cannot read IP mode file for STMicroelectronics.X-CUBE-BLE1.7.0.0
2024-12-07 11:52:54,568 [WARN] PackLoader:240 - Cannot read IP mode file for STMicroelectronics.X-CUBE-NFC10.1.0.0
2024-12-07 11:52:54,582 [WARN] PackLoader:240 - Cannot read IP mode file for STMicroelectronics.X-CUBE-BLEMGR.4.0.0
2024-12-07 11:52:54,615 [WARN] PackLoader:240 - Cannot read IP mode file for emotas.I-CUBE-CANOPEN.1.3.0
2024-12-07 11:52:54,645 [WARN] PackLoader:240 - Cannot read IP mode file for STMicroelectronics.X-CUBE-BLEMGR.3.1.0
2024-12-07 11:52:54,674 [WARN] PackLoader:240 - Cannot read IP mode file for STMicroelectronics.FP-SNS-SMARTAG2.1.2.0
2024-12-07 11:52:54,707 [INFO] LogOutputStream:77 - [STDOUT_REDIRECT] 1 : Invalid condition id : UX_CORESTACK_Condition cause : null
2024-12-07 11:52:54,708 [INFO] LogOutputStream:77 - [STDOUT_REDIRECT] 1 : Invalid condition id : UX_CORESTACK_Condition cause : null
2024-12-07 11:52:54,709 [INFO] LogOutputStream:77 - [STDOUT_REDIRECT] 1 : Invalid condition id : UX_CORESTACK_Condition cause : null
2024-12-07 11:52:54,710 [INFO] LogOutputStream:77 - [STDOUT_REDIRECT] 1 : Invalid condition id : UX_CORESTACK_Condition cause : null
2024-12-07 11:52:54,711 [INFO] LogOutputStream:77 - [STDOUT_REDIRECT] 1 : Invalid condition id : UX_CORESTACK_Condition cause : null
2024-12-07 11:52:54,715 [WARN] PackLoader:240 - Cannot read IP mode file for STMicroelectronics.X-CUBE-AZRTOS-WL.2.0.0
2024-12-07 11:52:54,739 [WARN] PackLoader:240 - Cannot read IP mode file for STMicroelectronics.FP-SNS-MOTENV1.5.0.0
2024-12-07 11:52:54,748 [WARN] PackLoader:240 - Cannot read IP mode file for wolfSSL.I-CUBE-wolfMQTT.1.19.0
2024-12-07 11:52:54,774 [WARN] PackLoader:240 - Cannot read IP mode file for WES.I-CUBE-Cesium.1.3.0
2024-12-07 11:52:54,798 [WARN] PackLoader:240 - Cannot read IP mode file for STMicroelectronics.X-CUBE-BLE2.3.3.0
2024-12-07 11:52:54,823 [WARN] PackLoader:240 - Cannot read IP mode file for STMicroelectronics.X-CUBE-NFC9.1.0.0
2024-12-07 11:52:54,847 [WARN] PackLoader:240 - Cannot read IP mode file for STMicroelectronics.X-CUBE-TCPP.4.1.0
2024-12-07 11:52:54,893 [WARN] PackLoader:240 - Cannot read IP mode file for STMicroelectronics.X-CUBE-AZRTOS-G0.1.1.0
2024-12-07 11:52:54,920 [WARN] PackLoader:240 - Cannot read IP mode file for STMicroelectronics.X-CUBE-SAFEA1.1.2.2
2024-12-07 11:52:54,945 [WARN] PackLoader:240 - Cannot read IP mode file for STMicroelectronics.X-CUBE-NFC4.3.0.0
2024-12-07 11:52:54,976 [WARN] PackLoader:240 - Cannot read IP mode file for EmbeddedOffice.I-CUBE-FS-RTOS.1.0.1
2024-12-07 11:52:54,976 [ERROR] ConditionMgr:805 - Attr not supported : Dmpu
2024-12-07 11:52:54,976 [ERROR] ConditionMgr:805 - Attr not supported : Dmpu
2024-12-07 11:52:54,976 [ERROR] ConditionMgr:805 - Attr not supported : Dmpu
2024-12-07 11:52:54,977 [ERROR] ConditionMgr:805 - Attr not supported : Dmpu
2024-12-07 11:52:54,977 [ERROR] ConditionMgr:805 - Attr not supported : Dmpu
2024-12-07 11:52:54,977 [ERROR] ConditionMgr:805 - Attr not supported : Dmpu
2024-12-07 11:52:54,977 [ERROR] ConditionMgr:805 - Attr not supported : Dmpu
2024-12-07 11:52:54,977 [ERROR] ConditionMgr:805 - Attr not supported : Dmpu
2024-12-07 11:52:54,977 [ERROR] ConditionMgr:805 - Attr not supported : Dmpu
2024-12-07 11:52:54,977 [ERROR] ConditionMgr:805 - Attr not supported : Dmpu
2024-12-07 11:52:54,977 [ERROR] ConditionMgr:805 - Attr not supported : Dmpu
2024-12-07 11:52:54,977 [ERROR] ConditionMgr:805 - Attr not supported : Dmpu
2024-12-07 11:52:54,977 [ERROR] ConditionMgr:805 - Attr not supported : Dmpu
2024-12-07 11:52:54,977 [ERROR] ConditionMgr:805 - Attr not supported : Dmpu
2024-12-07 11:52:54,978 [ERROR] ConditionMgr:805 - Attr not supported : Dmpu
2024-12-07 11:52:54,978 [ERROR] ConditionMgr:805 - Attr not supported : Dmpu
2024-12-07 11:52:54,978 [ERROR] ConditionMgr:805 - Attr not supported : Dmpu
2024-12-07 11:52:54,978 [ERROR] ConditionMgr:805 - Attr not supported : Dmpu
2024-12-07 11:52:54,978 [ERROR] ConditionMgr:805 - Attr not supported : Dmpu
2024-12-07 11:52:54,978 [ERROR] ConditionMgr:805 - Attr not supported : Dmpu
2024-12-07 11:52:54,978 [ERROR] ConditionMgr:805 - Attr not supported : Dmpu
2024-12-07 11:52:54,978 [ERROR] ConditionMgr:805 - Attr not supported : Dmpu
2024-12-07 11:52:54,978 [ERROR] ConditionMgr:805 - Attr not supported : Dmpu
2024-12-07 11:52:54,978 [ERROR] ConditionMgr:805 - Attr not supported : Dmpu
2024-12-07 11:52:54,978 [ERROR] ConditionMgr:805 - Attr not supported : Dmpu
2024-12-07 11:52:54,979 [ERROR] ConditionMgr:805 - Attr not supported : Dmpu
2024-12-07 11:52:54,979 [ERROR] ConditionMgr:805 - Attr not supported : Dmpu
2024-12-07 11:52:54,979 [ERROR] ConditionMgr:805 - Attr not supported : Dmpu
2024-12-07 11:52:54,979 [ERROR] ConditionMgr:805 - Attr not supported : Dmpu
2024-12-07 11:52:54,979 [ERROR] ConditionMgr:805 - Attr not supported : Dmpu
2024-12-07 11:52:54,979 [ERROR] ConditionMgr:805 - Attr not supported : Dmpu
2024-12-07 11:52:54,979 [ERROR] ConditionMgr:805 - Attr not supported : Dmpu
2024-12-07 11:52:54,979 [ERROR] ConditionMgr:805 - Attr not supported : Dmpu
2024-12-07 11:52:54,979 [ERROR] ConditionMgr:805 - Attr not supported : Dmpu
2024-12-07 11:52:54,980 [ERROR] ConditionMgr:805 - Attr not supported : Dmpu
2024-12-07 11:52:54,980 [ERROR] ConditionMgr:805 - Attr not supported : Dmpu
2024-12-07 11:52:54,980 [ERROR] ConditionMgr:805 - Attr not supported : Dmpu
2024-12-07 11:52:54,980 [ERROR] ConditionMgr:805 - Attr not supported : Dmpu
2024-12-07 11:52:54,980 [ERROR] ConditionMgr:805 - Attr not supported : Dmpu
2024-12-07 11:52:54,980 [ERROR] ConditionMgr:805 - Attr not supported : Dmpu
2024-12-07 11:52:54,980 [ERROR] ConditionMgr:805 - Attr not supported : Dmpu
2024-12-07 11:52:54,980 [ERROR] ConditionMgr:805 - Attr not supported : Dmpu
2024-12-07 11:52:54,980 [ERROR] ConditionMgr:805 - Attr not supported : Dmpu
2024-12-07 11:52:54,981 [ERROR] ConditionMgr:805 - Attr not supported : Dmpu
2024-12-07 11:52:54,981 [ERROR] ConditionMgr:805 - Attr not supported : Dmpu
2024-12-07 11:52:54,981 [ERROR] ConditionMgr:805 - Attr not supported : Dmpu
2024-12-07 11:52:54,981 [ERROR] ConditionMgr:805 - Attr not supported : Dmpu
2024-12-07 11:52:54,981 [ERROR] ConditionMgr:805 - Attr not supported : Dmpu
2024-12-07 11:52:54,981 [ERROR] ConditionMgr:805 - Attr not supported : Dmpu
2024-12-07 11:52:54,981 [ERROR] ConditionMgr:805 - Attr not supported : Dmpu
2024-12-07 11:52:54,981 [ERROR] ConditionMgr:805 - Attr not supported : Dmpu
2024-12-07 11:52:54,982 [ERROR] ConditionMgr:805 - Attr not supported : Dmpu
2024-12-07 11:52:54,982 [ERROR] ConditionMgr:805 - Attr not supported : Dmpu
2024-12-07 11:52:54,982 [ERROR] ConditionMgr:805 - Attr not supported : Dmpu
2024-12-07 11:52:54,982 [ERROR] ConditionMgr:805 - Attr not supported : Dmpu
2024-12-07 11:52:54,982 [ERROR] ConditionMgr:805 - Attr not supported : Dmpu
2024-12-07 11:52:54,982 [ERROR] ConditionMgr:805 - Attr not supported : Dmpu
2024-12-07 11:52:54,982 [ERROR] ConditionMgr:805 - Attr not supported : Dmpu
2024-12-07 11:52:54,982 [ERROR] ConditionMgr:805 - Attr not supported : Dmpu
2024-12-07 11:52:54,983 [ERROR] ConditionMgr:805 - Attr not supported : Dmpu
2024-12-07 11:52:54,983 [ERROR] ConditionMgr:805 - Attr not supported : Dmpu
2024-12-07 11:52:54,983 [ERROR] ConditionMgr:805 - Attr not supported : Dmpu
2024-12-07 11:52:54,983 [ERROR] ConditionMgr:805 - Attr not supported : Dmpu
2024-12-07 11:52:54,983 [ERROR] ConditionMgr:805 - Attr not supported : Dmpu
2024-12-07 11:52:55,007 [WARN] PackLoader:240 - Cannot read IP mode file for RealThread.X-CUBE-RT-Thread_Nano.4.1.1
2024-12-07 11:52:55,014 [WARN] PackLoader:240 - Cannot read IP mode file for STMicroelectronics.FP-ATR-SIGFOX1.3.2.0
2024-12-07 11:52:55,022 [WARN] ConditionMgr:438 - getConditionDescription Invalid condition id : Cortex-A Device cause : null
2024-12-07 11:52:55,051 [WARN] ConditionMgr:1039 - genDependencies : Invalid condition id : Cortex-A Device cause : null
2024-12-07 11:52:55,051 [WARN] ConditionMgr:1039 - genDependencies : Invalid condition id : Cortex-A Device cause : null
2024-12-07 11:52:55,051 [WARN] ConditionMgr:1039 - genDependencies : Invalid condition id : Cortex-A Device cause : null
2024-12-07 11:52:55,081 [WARN] PackLoader:240 - Cannot read IP mode file for STMicroelectronics.X-CUBE-EEPRMA1.5.1.0
2024-12-07 11:52:55,107 [WARN] PackLoader:240 - Cannot read IP mode file for wolfSSL.I-CUBE-wolfSSL.5.7.4
2024-12-07 11:52:55,135 [WARN] PackLoader:240 - Cannot read IP mode file for ITTIA_DB.I-CUBE-ITTIADB.8.9.0
2024-12-07 11:52:55,201 [WARN] PackLoader:240 - Cannot read IP mode file for SEGGER.I-CUBE-embOS.1.3.1
2024-12-07 11:52:55,266 [WARN] PackLoader:240 - Cannot read IP mode file for STMicroelectronics.X-CUBE-ALGOBUILD.1.4.0
2024-12-07 11:52:55,291 [WARN] PackLoader:240 - Cannot read IP mode file for STMicroelectronics.X-CUBE-AI.9.1.0
2024-12-07 11:52:55,334 [WARN] PackLoader:240 - Cannot read IP mode file for STMicroelectronics.X-CUBE-AZRTOS-F4.1.1.0
2024-12-07 11:52:55,364 [WARN] PackLoader:240 - Cannot read IP mode file for STMicroelectronics.X-CUBE-ISPU.2.1.0
2024-12-07 11:52:55,391 [WARN] PackLoader:240 - Cannot read IP mode file for STMicroelectronics.X-CUBE-FREERTOS.1.2.0
2024-12-07 11:52:55,437 [WARN] PackLoader:240 - Cannot read IP mode file for STMicroelectronics.X-CUBE-AZRTOS-L5.2.0.0
2024-12-07 11:52:55,468 [WARN] PackLoader:240 - Cannot read IP mode file for STMicroelectronics.X-CUBE-NFC6.3.1.0
2024-12-07 11:52:55,492 [WARN] PackLoader:240 - Cannot read IP mode file for STMicroelectronics.X-CUBE-DPower.1.2.0
2024-12-07 11:52:55,517 [WARN] PackLoader:240 - Cannot read IP mode file for STMicroelectronics.X-CUBE-NFC7.1.0.1
2024-12-07 11:52:55,562 [WARN] ConditionMgr:438 - getConditionDescription Invalid condition id : LAN8742 Phy interface Condition cause : null
2024-12-07 11:52:55,563 [WARN] PackLoader:240 - Cannot read IP mode file for STMicroelectronics.X-CUBE-AZRTOS-L4.2.0.0
2024-12-07 11:52:55,565 [WARN] ConditionMgr:1039 - genDependencies : Invalid condition id : LAN8742 Phy interface Condition cause : null
2024-12-07 11:52:55,565 [WARN] ConditionMgr:1039 - genDependencies : Invalid condition id : LAN8742 Phy interface Condition cause : null
2024-12-07 11:52:55,566 [WARN] ConditionMgr:1039 - genDependencies : Invalid condition id : LAN8742 Phy interface Condition cause : null
2024-12-07 11:52:55,602 [WARN] PackLoader:240 - Cannot read IP mode file for STMicroelectronics.X-CUBE-SFXS2LP1.4.0.0
2024-12-07 11:52:55,650 [WARN] PackLoader:240 - Cannot read IP mode file for STMicroelectronics.X-CUBE-AZRTOS-H7.3.3.0
2024-12-07 11:52:55,683 [WARN] PackLoader:240 - Cannot read IP mode file for STMicroelectronics.X-CUBE-IPS.3.0.0
2024-12-07 11:52:55,728 [WARN] ConditionMgr:438 - getConditionDescription Invalid condition id : UX DEVICE CLASS RTOS Condition cause : null
2024-12-07 11:52:55,728 [WARN] ConditionMgr:438 - getConditionDescription Invalid condition id : UX DEVICE CLASS RTOS Condition cause : null
2024-12-07 11:52:55,730 [WARN] PackLoader:240 - Cannot read IP mode file for STMicroelectronics.X-CUBE-AZRTOS-WB.2.0.0
2024-12-07 11:52:55,731 [WARN] ConditionMgr:1039 - genDependencies : Invalid condition id : UX DEVICE CLASS RTOS Condition cause : null
2024-12-07 11:52:55,731 [WARN] ConditionMgr:1039 - genDependencies : Invalid condition id : UX DEVICE CLASS RTOS Condition cause : null
2024-12-07 11:52:55,732 [WARN] ConditionMgr:1039 - genDependencies : Invalid condition id : UX DEVICE CLASS RTOS Condition cause : null
2024-12-07 11:52:55,732 [WARN] ConditionMgr:1039 - genDependencies : Invalid condition id : UX DEVICE CLASS RTOS Condition cause : null
2024-12-07 11:52:55,732 [WARN] ConditionMgr:1039 - genDependencies : Invalid condition id : UX DEVICE CLASS RTOS Condition cause : null
2024-12-07 11:52:55,754 [WARN] PackLoader:240 - Cannot read IP mode file for STMicroelectronics.X-CUBE-GNSS1.7.0.0
2024-12-07 11:52:55,780 [WARN] PackLoader:240 - Cannot read IP mode file for STMicroelectronics.FP-SNS-STBOX1.2.0.0
2024-12-07 11:52:55,818 [WARN] PackLoader:240 - Cannot read IP mode file for STMicroelectronics.X-CUBE-SUBG2.5.0.0
2024-12-07 11:52:55,831 [WARN] PackLoader:240 - Cannot read IP mode file for Cesanta.I-CUBE-Mongoose.7.13.0
2024-12-07 11:52:55,867 [WARN] PackLoader:240 - Cannot read IP mode file for STMicroelectronics.X-CUBE-AZRTOS-G4.2.0.0
2024-12-07 11:52:55,888 [WARN] PackLoader:240 - Cannot read IP mode file for STMicroelectronics.X-CUBE-ALS.1.0.2
2024-12-07 11:52:55,913 [WARN] PackLoader:240 - Cannot read IP mode file for STMicroelectronics.X-CUBE-TOUCHGFX.4.24.1
2024-12-07 11:52:55,918 [WARN] PackLoader:240 - Cannot read IP mode file for wolfSSL.I-CUBE-wolfTPM.3.4.0
2024-12-07 11:52:55,939 [WARN] PackLoader:240 - Cannot read IP mode file for portGmbH.I-Cube-SoM-uGOAL.1.1.0
2024-12-07 11:52:55,975 [WARN] PackLoader:240 - Cannot read IP mode file for STMicroelectronics.X-CUBE-AZRTOS-H7RS.1.0.0
2024-12-07 11:52:56,003 [WARN] PackLoader:240 - Cannot read IP mode file for STMicroelectronics.X-CUBE-TOF1.3.4.2
2024-12-07 11:52:56,054 [WARN] PackLoader:240 - Cannot read IP mode file for Infineon.AIROC-Wi-Fi-Bluetooth-STM32.1.6.1
2024-12-07 11:52:56,062 [WARN] PackLoader:240 - Cannot read IP mode file for wolfSSL.I-CUBE-wolfSSH.1.4.17
2024-12-07 11:52:56,062 [INFO] ThirdParty:978 - Integrity check success = true
2024-12-07 11:52:56,062 [INFO] IntegrityCheckThread:100 - exiting critical section [integrity check]
2024-12-07 11:52:56,062 [INFO] IntegrityCheckThread:103 - End integrity checks thread
2024-12-07 11:52:59,962 [INFO] WebApp:167 - Instantiating new browser for Auth
2024-12-07 11:53:01,051 [INFO] WebApp:448 - Apply proxy settings
2024-12-07 11:53:01,051 [INFO] WebApp:533 - Chromium requires no authentication
2024-12-07 11:53:01,073 [INFO] WebApp:476 - Direct internet connection detected
2024-12-07 11:53:01,149 [INFO] WebApp:869 - Register for checkConnection events
2024-12-07 11:53:01,150 [INFO] WebApp:448 - Apply proxy settings
2024-12-07 11:53:01,150 [INFO] WebApp:533 - Chromium requires no authentication
2024-12-07 11:53:01,150 [INFO] WebApp:476 - Direct internet connection detected
2024-12-07 11:53:01,416 [INFO] WebApp:186 - Connection restablished
2024-12-07 11:53:01,566 [INFO] WebApp:220 - Starting web application
2024-12-07 11:53:01,567 [INFO] WebApp:578 - Web application path used C:\ST\STM32CubeIDE_1.16.1\STM32CubeIDE\plugins\com.st.stm32cube.common.mx_6.12.1.202409122256\db\plugins\mcufinder\reactClient1\index.html
2024-12-07 11:53:01,880 [INFO] UserAuth:417 - Internet connection configuration mode: 1
2024-12-07 16:55:27,439 [ERROR] LogOutputStream:75 - [STDERR_REDIRECT] 
